2025-11-22 14:43:25.5623|||8|Microsoft.AspNetCore.Server.Kestrel.Core.KestrelServer|WARN|The ASP.NET Core developer certificate is not trusted. For information about trusting the ASP.NET Core developer certificate, see https://aka.ms/aspnet/https-trust-dev-cert. 
2025-11-22 14:43:25.6062|||14|Microsoft.Hosting.Lifetime|INFO|Now listening on: https://localhost:5001 
2025-11-22 14:43:25.6062|||14|Microsoft.Hosting.Lifetime|INFO|Now listening on: http://localhost:5000 
2025-11-22 14:43:25.6062||||Microsoft.Hosting.Lifetime|INFO|Application started. Press Ctrl+C to shut down. 
2025-11-22 14:43:25.6062||||Microsoft.Hosting.Lifetime|INFO|Hosting environment: Development 
2025-11-22 14:43:25.6062||||Microsoft.Hosting.Lifetime|INFO|Content root path: D:\GitHub\Orchard CMS\RoommateManager\RoommateManager.Web 
2025-11-22 14:52:38.2970||||Microsoft.Hosting.Lifetime|INFO|Application is shutting down... 
2025-11-22 14:53:10.0106|||8|Microsoft.AspNetCore.Server.Kestrel.Core.KestrelServer|WARN|The ASP.NET Core developer certificate is not trusted. For information about trusting the ASP.NET Core developer certificate, see https://aka.ms/aspnet/https-trust-dev-cert. 
2025-11-22 14:53:10.0589|||14|Microsoft.Hosting.Lifetime|INFO|Now listening on: https://localhost:5001 
2025-11-22 14:53:10.0589|||14|Microsoft.Hosting.Lifetime|INFO|Now listening on: http://localhost:5000 
2025-11-22 14:53:10.0589||||Microsoft.Hosting.Lifetime|INFO|Application started. Press Ctrl+C to shut down. 
2025-11-22 14:53:10.0589||||Microsoft.Hosting.Lifetime|INFO|Hosting environment: Development 
2025-11-22 14:53:10.0589||||Microsoft.Hosting.Lifetime|INFO|Content root path: D:\GitHub\Orchard CMS\RoommateManager\RoommateManager.Web 
2025-11-22 15:02:24.9877||||Microsoft.Hosting.Lifetime|INFO|Application is shutting down... 
2025-11-22 15:03:46.4596|||8|Microsoft.AspNetCore.Server.Kestrel.Core.KestrelServer|WARN|The ASP.NET Core developer certificate is not trusted. For information about trusting the ASP.NET Core developer certificate, see https://aka.ms/aspnet/https-trust-dev-cert. 
2025-11-22 15:03:46.5022|||14|Microsoft.Hosting.Lifetime|INFO|Now listening on: https://localhost:5001 
2025-11-22 15:03:46.5022|||14|Microsoft.Hosting.Lifetime|INFO|Now listening on: http://localhost:5000 
2025-11-22 15:03:46.5022||||Microsoft.Hosting.Lifetime|INFO|Application started. Press Ctrl+C to shut down. 
2025-11-22 15:03:46.5022||||Microsoft.Hosting.Lifetime|INFO|Hosting environment: Development 
2025-11-22 15:03:46.5022||||Microsoft.Hosting.Lifetime|INFO|Content root path: D:\GitHub\Orchard CMS\RoommateManager\RoommateManager.Web 
2025-11-22 15:08:03.8987||||Microsoft.Hosting.Lifetime|INFO|Application is shutting down... 
2025-11-22 15:08:26.6526|||8|Microsoft.AspNetCore.Server.Kestrel.Core.KestrelServer|WARN|The ASP.NET Core developer certificate is not trusted. For information about trusting the ASP.NET Core developer certificate, see https://aka.ms/aspnet/https-trust-dev-cert. 
2025-11-22 15:08:26.7034|||14|Microsoft.Hosting.Lifetime|INFO|Now listening on: https://localhost:5001 
2025-11-22 15:08:26.7034|||14|Microsoft.Hosting.Lifetime|INFO|Now listening on: http://localhost:5000 
2025-11-22 15:08:26.7034||||Microsoft.Hosting.Lifetime|INFO|Application started. Press Ctrl+C to shut down. 
2025-11-22 15:08:26.7078||||Microsoft.Hosting.Lifetime|INFO|Hosting environment: Development 
2025-11-22 15:08:26.7078||||Microsoft.Hosting.Lifetime|INFO|Content root path: D:\GitHub\Orchard CMS\RoommateManager\RoommateManager.Web 
2025-11-22 15:14:55.4653||||Microsoft.Hosting.Lifetime|INFO|Application is shutting down... 
2025-11-22 15:19:43.8040|||8|Microsoft.AspNetCore.Server.Kestrel.Core.KestrelServer|WARN|The ASP.NET Core developer certificate is not trusted. For information about trusting the ASP.NET Core developer certificate, see https://aka.ms/aspnet/https-trust-dev-cert. 
2025-11-22 15:19:43.8465|||14|Microsoft.Hosting.Lifetime|INFO|Now listening on: https://localhost:5001 
2025-11-22 15:19:43.8465|||14|Microsoft.Hosting.Lifetime|INFO|Now listening on: http://localhost:5000 
2025-11-22 15:19:43.8465||||Microsoft.Hosting.Lifetime|INFO|Application started. Press Ctrl+C to shut down. 
2025-11-22 15:19:43.8465||||Microsoft.Hosting.Lifetime|INFO|Hosting environment: Development 
2025-11-22 15:19:43.8465||||Microsoft.Hosting.Lifetime|INFO|Content root path: D:\GitHub\Orchard CMS\RoommateManager\RoommateManager.Web 
2025-11-22 15:29:57.4242||||Microsoft.Hosting.Lifetime|INFO|Application is shutting down... 
2025-11-22 15:30:31.2548|||8|Microsoft.AspNetCore.Server.Kestrel.Core.KestrelServer|WARN|The ASP.NET Core developer certificate is not trusted. For information about trusting the ASP.NET Core developer certificate, see https://aka.ms/aspnet/https-trust-dev-cert. 
2025-11-22 15:30:31.3001|||14|Microsoft.Hosting.Lifetime|INFO|Now listening on: https://localhost:5001 
2025-11-22 15:30:31.3001|||14|Microsoft.Hosting.Lifetime|INFO|Now listening on: http://localhost:5000 
2025-11-22 15:30:31.3001||||Microsoft.Hosting.Lifetime|INFO|Application started. Press Ctrl+C to shut down. 
2025-11-22 15:30:31.3001||||Microsoft.Hosting.Lifetime|INFO|Hosting environment: Development 
2025-11-22 15:30:31.3001||||Microsoft.Hosting.Lifetime|INFO|Content root path: D:\GitHub\Orchard CMS\RoommateManager\RoommateManager.Web 
2025-11-22 15:39:17.0478||||Microsoft.Hosting.Lifetime|INFO|Application is shutting down... 
2025-11-22 15:42:00.1242|||8|Microsoft.AspNetCore.Server.Kestrel.Core.KestrelServer|WARN|The ASP.NET Core developer certificate is not trusted. For information about trusting the ASP.NET Core developer certificate, see https://aka.ms/aspnet/https-trust-dev-cert. 
2025-11-22 15:42:00.1655|||14|Microsoft.Hosting.Lifetime|INFO|Now listening on: https://localhost:5001 
2025-11-22 15:42:00.1655|||14|Microsoft.Hosting.Lifetime|INFO|Now listening on: http://localhost:5000 
2025-11-22 15:42:00.1655||||Microsoft.Hosting.Lifetime|INFO|Application started. Press Ctrl+C to shut down. 
2025-11-22 15:42:00.1655||||Microsoft.Hosting.Lifetime|INFO|Hosting environment: Development 
2025-11-22 15:42:00.1655||||Microsoft.Hosting.Lifetime|INFO|Content root path: D:\GitHub\Orchard CMS\RoommateManager\RoommateManager.Web 
2025-11-22 15:45:08.6623||||Microsoft.Hosting.Lifetime|INFO|Application is shutting down... 
2025-11-22 15:46:02.6805|||8|Microsoft.AspNetCore.Server.Kestrel.Core.KestrelServer|WARN|The ASP.NET Core developer certificate is not trusted. For information about trusting the ASP.NET Core developer certificate, see https://aka.ms/aspnet/https-trust-dev-cert. 
2025-11-22 15:46:02.7203|||14|Microsoft.Hosting.Lifetime|INFO|Now listening on: https://localhost:5001 
2025-11-22 15:46:02.7203|||14|Microsoft.Hosting.Lifetime|INFO|Now listening on: http://localhost:5000 
2025-11-22 15:46:02.7203||||Microsoft.Hosting.Lifetime|INFO|Application started. Press Ctrl+C to shut down. 
2025-11-22 15:46:02.7203||||Microsoft.Hosting.Lifetime|INFO|Hosting environment: Development 
2025-11-22 15:46:02.7203||||Microsoft.Hosting.Lifetime|INFO|Content root path: D:\GitHub\Orchard CMS\RoommateManager\RoommateManager.Web 
2025-11-22 16:34:46.4550|Default|00-b7603f20f9adb45a1fcd6fdfd4b59eda-f2bd40b57c260fbc-00||OrchardCore.ContentManagement.Display.ContentItemDisplayManager|ERROR|IContentHandler thrown from OrchardCore.ContentManagement.Handlers.ContentPartHandlerCoordinator by JsonException System.Text.Json.JsonException: The JSON value could not be converted to System.String. Path: $.RoomName | LineNumber: 0 | BytePositionInLine: 13.
 ---> System.InvalidOperationException: Cannot get the value of a token type 'StartObject' as a string.
   at System.Text.Json.ThrowHelper.ThrowInvalidOperationException_ExpectedString(JsonTokenType tokenType)
   at System.Text.Json.Serialization.Metadata.JsonPropertyInfo`1.ReadJsonAndSetMember(Object obj, ReadStack& state, Utf8JsonReader& reader)
   at System.Text.Json.Serialization.Converters.ObjectDefaultConverter`1.OnTryRead(Utf8JsonReader& reader, Type typeToConvert, JsonSerializerOptions options, ReadStack& state, T& value)
   at System.Text.Json.Serialization.JsonConverter`1.TryRead(Utf8JsonReader& reader, Type typeToConvert, JsonSerializerOptions options, ReadStack& state, T& value, Boolean& isPopulatedValue)
   at System.Text.Json.Serialization.JsonConverter`1.ReadCore(Utf8JsonReader& reader, JsonSerializerOptions options, ReadStack& state)
   --- End of inner exception stack trace ---
   at System.Text.Json.ThrowHelper.ReThrowWithPath(ReadStack& state, Utf8JsonReader& reader, Exception ex)
   at System.Text.Json.Serialization.JsonConverter`1.ReadCore(Utf8JsonReader& reader, JsonSerializerOptions options, ReadStack& state)
   at System.Text.Json.Serialization.Metadata.JsonTypeInfo`1.DeserializeAsObject(Utf8JsonReader& reader, ReadStack& state)
   at System.Text.Json.JsonSerializer.ReadFromSpanAsObject(ReadOnlySpan`1 utf8Json, JsonTypeInfo jsonTypeInfo, Nullable`1 actualByteCount)
   at System.Text.Json.JsonSerializer.ReadFromNodeAsObject(JsonNode node, JsonTypeInfo jsonTypeInfo)
   at OrchardCore.ContentManagement.Handlers.ContentPartHandlerCoordinator.InvokeHandlers[TContext,TFieldContext](TContext context, TFieldContext fieldContext, Func`4 partHandlerAction, Func`4 fieldHandlerAction, Boolean createPartIfNotExists, Boolean createFieldIfNotExists)
   at OrchardCore.Modules.InvokeExtensions.InvokeAsync[TEvents,T1](IEnumerable`1 events, Func`3 dispatch, T1 arg1, ILogger logger)    at System.Text.Json.ThrowHelper.ReThrowWithPath(ReadStack& state, Utf8JsonReader& reader, Exception ex)
   at System.Text.Json.Serialization.JsonConverter`1.ReadCore(Utf8JsonReader& reader, JsonSerializerOptions options, ReadStack& state)
   at System.Text.Json.Serialization.Metadata.JsonTypeInfo`1.DeserializeAsObject(Utf8JsonReader& reader, ReadStack& state)
   at System.Text.Json.JsonSerializer.ReadFromSpanAsObject(ReadOnlySpan`1 utf8Json, JsonTypeInfo jsonTypeInfo, Nullable`1 actualByteCount)
   at System.Text.Json.JsonSerializer.ReadFromNodeAsObject(JsonNode node, JsonTypeInfo jsonTypeInfo)
   at OrchardCore.ContentManagement.Handlers.ContentPartHandlerCoordinator.InvokeHandlers[TContext,TFieldContext](TContext context, TFieldContext fieldContext, Func`4 partHandlerAction, Func`4 fieldHandlerAction, Boolean createPartIfNotExists, Boolean createFieldIfNotExists)
   at OrchardCore.Modules.InvokeExtensions.InvokeAsync[TEvents,T1](IEnumerable`1 events, Func`3 dispatch, T1 arg1, ILogger logger)
2025-11-22 16:53:36.3363||||Microsoft.Hosting.Lifetime|INFO|Application is shutting down... 
2025-11-22 16:57:43.0958|||8|Microsoft.AspNetCore.Server.Kestrel.Core.KestrelServer|WARN|The ASP.NET Core developer certificate is not trusted. For information about trusting the ASP.NET Core developer certificate, see https://aka.ms/aspnet/https-trust-dev-cert. 
2025-11-22 16:57:43.1517|||14|Microsoft.Hosting.Lifetime|INFO|Now listening on: https://localhost:5001 
2025-11-22 16:57:43.1517|||14|Microsoft.Hosting.Lifetime|INFO|Now listening on: http://localhost:5000 
2025-11-22 16:57:43.1517||||Microsoft.Hosting.Lifetime|INFO|Application started. Press Ctrl+C to shut down. 
2025-11-22 16:57:43.1517||||Microsoft.Hosting.Lifetime|INFO|Hosting environment: Development 
2025-11-22 16:57:43.1517||||Microsoft.Hosting.Lifetime|INFO|Content root path: D:\GitHub\Orchard CMS\RoommateManager\RoommateManager.Web 
2025-11-22 16:58:53.1193|Default|00-8017b43f610dd59c71a764127c07e33d-9d5a37e8b4576479-00|1|Microsoft.AspNetCore.Diagnostics.DeveloperExceptionPageMiddleware|ERROR|An unhandled exception has occurred while executing the request. System.ArgumentException: An item with the same key has already been added. Key: area
   at System.Collections.Generic.Dictionary`2.TryInsert(TKey key, TValue value, InsertionBehavior behavior)
   at System.Collections.Generic.Dictionary`2.Add(TKey key, TValue value)
   at OrchardCore.Mvc.ModularApplicationModelProvider.OnProvidersExecuted(ApplicationModelProviderContext context)
   at Microsoft.AspNetCore.Mvc.ApplicationModels.ApplicationModelFactory.CreateApplicationModel(IEnumerable`1 controllerTypes)
   at Microsoft.AspNetCore.Mvc.ApplicationModels.ControllerActionDescriptorProvider.GetDescriptors()
   at Microsoft.AspNetCore.Mvc.ApplicationModels.ControllerActionDescriptorProvider.OnProvidersExecuting(ActionDescriptorProviderContext context)
   at Microsoft.AspNetCore.Mvc.Infrastructure.DefaultActionDescriptorCollectionProvider.UpdateCollection()
   at Microsoft.AspNetCore.Mvc.Infrastructure.DefaultActionDescriptorCollectionProvider.Initialize()
   at Microsoft.AspNetCore.Mvc.Infrastructure.DefaultActionDescriptorCollectionProvider.GetChangeToken()
   at Microsoft.Extensions.Primitives.ChangeToken.ChangeTokenRegistration`1..ctor(Func`1 changeTokenProducer, Action`1 changeTokenConsumer, TState state)
   at Microsoft.Extensions.Primitives.ChangeToken.OnChange(Func`1 changeTokenProducer, Action changeTokenConsumer)
   at Microsoft.AspNetCore.Mvc.Routing.ActionEndpointDataSourceBase.Subscribe()
   at Microsoft.AspNetCore.Builder.ControllerEndpointRouteBuilderExtensions.GetOrCreateDataSource(IEndpointRouteBuilder endpoints)
   at Microsoft.AspNetCore.Builder.ControllerEndpointRouteBuilderExtensions.MapDynamicControllerRoute[TTransformer](IEndpointRouteBuilder endpoints, String pattern, Object state)
   at OrchardCore.HomeRoute.Startup.Configure(IApplicationBuilder app, IEndpointRouteBuilder routes, IServiceProvider serviceProvider)
   at OrchardCore.Modules.ShellPipelineExtensions.ConfigurePipelineAsync(ApplicationBuilder builder)
   at OrchardCore.Modules.ShellPipelineExtensions.BuildPipelineInternalAsync(ShellContext context)
   at OrchardCore.Modules.ShellPipelineExtensions.BuildPipelineAsync(ShellContext context)
   at OrchardCore.Modules.ModularTenantRouterMiddleware.Invoke(HttpContext httpContext)
   at OrchardCore.Modules.ModularTenantContainerMiddleware.<>c__DisplayClass4_0.<<Invoke>b__0>d.MoveNext()
--- End of stack trace from previous location ---
   at OrchardCore.Environment.Shell.Scope.ShellScope.UsingAsync(Func`2 execute, Boolean activateShell)
   at OrchardCore.Environment.Shell.Scope.ShellScope.UsingAsync(Func`2 execute, Boolean activateShell)
   at OrchardCore.Environment.Shell.Scope.ShellScope.UsingAsync(Func`2 execute, Boolean activateShell)
   at OrchardCore.Environment.Shell.Scope.ShellScope.UsingAsync(Func`2 execute, Boolean activateShell)
   at OrchardCore.Environment.Shell.Scope.ShellScope.UsingAsync(Func`2 execute, Boolean activateShell)
   at OrchardCore.Modules.ModularTenantContainerMiddleware.Invoke(HttpContext httpContext)
   at Microsoft.AspNetCore.Authentication.AuthenticationMiddleware.Invoke(HttpContext context)
   at Microsoft.AspNetCore.Diagnostics.DeveloperExceptionPageMiddlewareImpl.Invoke(HttpContext context)    at System.Collections.Generic.Dictionary`2.TryInsert(TKey key, TValue value, InsertionBehavior behavior)
   at System.Collections.Generic.Dictionary`2.Add(TKey key, TValue value)
   at OrchardCore.Mvc.ModularApplicationModelProvider.OnProvidersExecuted(ApplicationModelProviderContext context)
   at Microsoft.AspNetCore.Mvc.ApplicationModels.ApplicationModelFactory.CreateApplicationModel(IEnumerable`1 controllerTypes)
   at Microsoft.AspNetCore.Mvc.ApplicationModels.ControllerActionDescriptorProvider.GetDescriptors()
   at Microsoft.AspNetCore.Mvc.ApplicationModels.ControllerActionDescriptorProvider.OnProvidersExecuting(ActionDescriptorProviderContext context)
   at Microsoft.AspNetCore.Mvc.Infrastructure.DefaultActionDescriptorCollectionProvider.UpdateCollection()
   at Microsoft.AspNetCore.Mvc.Infrastructure.DefaultActionDescriptorCollectionProvider.Initialize()
   at Microsoft.AspNetCore.Mvc.Infrastructure.DefaultActionDescriptorCollectionProvider.GetChangeToken()
   at Microsoft.Extensions.Primitives.ChangeToken.ChangeTokenRegistration`1..ctor(Func`1 changeTokenProducer, Action`1 changeTokenConsumer, TState state)
   at Microsoft.Extensions.Primitives.ChangeToken.OnChange(Func`1 changeTokenProducer, Action changeTokenConsumer)
   at Microsoft.AspNetCore.Mvc.Routing.ActionEndpointDataSourceBase.Subscribe()
   at Microsoft.AspNetCore.Builder.ControllerEndpointRouteBuilderExtensions.GetOrCreateDataSource(IEndpointRouteBuilder endpoints)
   at Microsoft.AspNetCore.Builder.ControllerEndpointRouteBuilderExtensions.MapDynamicControllerRoute[TTransformer](IEndpointRouteBuilder endpoints, String pattern, Object state)
   at OrchardCore.HomeRoute.Startup.Configure(IApplicationBuilder app, IEndpointRouteBuilder routes, IServiceProvider serviceProvider)
   at OrchardCore.Modules.ShellPipelineExtensions.ConfigurePipelineAsync(ApplicationBuilder builder)
   at OrchardCore.Modules.ShellPipelineExtensions.BuildPipelineInternalAsync(ShellContext context)
   at OrchardCore.Modules.ShellPipelineExtensions.BuildPipelineAsync(ShellContext context)
   at OrchardCore.Modules.ModularTenantRouterMiddleware.Invoke(HttpContext httpContext)
   at OrchardCore.Modules.ModularTenantContainerMiddleware.<>c__DisplayClass4_0.<<Invoke>b__0>d.MoveNext()
--- End of stack trace from previous location ---
   at OrchardCore.Environment.Shell.Scope.ShellScope.UsingAsync(Func`2 execute, Boolean activateShell)
   at OrchardCore.Environment.Shell.Scope.ShellScope.UsingAsync(Func`2 execute, Boolean activateShell)
   at OrchardCore.Environment.Shell.Scope.ShellScope.UsingAsync(Func`2 execute, Boolean activateShell)
   at OrchardCore.Environment.Shell.Scope.ShellScope.UsingAsync(Func`2 execute, Boolean activateShell)
   at OrchardCore.Environment.Shell.Scope.ShellScope.UsingAsync(Func`2 execute, Boolean activateShell)
   at OrchardCore.Modules.ModularTenantContainerMiddleware.Invoke(HttpContext httpContext)
   at Microsoft.AspNetCore.Authentication.AuthenticationMiddleware.Invoke(HttpContext context)
   at Microsoft.AspNetCore.Diagnostics.DeveloperExceptionPageMiddlewareImpl.Invoke(HttpContext context)
2025-11-22 16:58:53.2744|Default|00-afdfbbfae3e89f373a113dbb5d15052a-52d0b45428bbeff9-00|1|Microsoft.AspNetCore.Diagnostics.DeveloperExceptionPageMiddleware|ERROR|An unhandled exception has occurred while executing the request. System.ArgumentException: An item with the same key has already been added. Key: area
   at System.Collections.Generic.Dictionary`2.TryInsert(TKey key, TValue value, InsertionBehavior behavior)
   at System.Collections.Generic.Dictionary`2.Add(TKey key, TValue value)
   at OrchardCore.Mvc.ModularApplicationModelProvider.OnProvidersExecuted(ApplicationModelProviderContext context)
   at Microsoft.AspNetCore.Mvc.ApplicationModels.ApplicationModelFactory.CreateApplicationModel(IEnumerable`1 controllerTypes)
   at Microsoft.AspNetCore.Mvc.ApplicationModels.ControllerActionDescriptorProvider.GetDescriptors()
   at Microsoft.AspNetCore.Mvc.ApplicationModels.ControllerActionDescriptorProvider.OnProvidersExecuting(ActionDescriptorProviderContext context)
   at Microsoft.AspNetCore.Mvc.Infrastructure.DefaultActionDescriptorCollectionProvider.UpdateCollection()
   at Microsoft.AspNetCore.Mvc.Infrastructure.DefaultActionDescriptorCollectionProvider.Initialize()
   at Microsoft.AspNetCore.Mvc.Infrastructure.DefaultActionDescriptorCollectionProvider.GetChangeToken()
   at Microsoft.Extensions.Primitives.ChangeToken.ChangeTokenRegistration`1..ctor(Func`1 changeTokenProducer, Action`1 changeTokenConsumer, TState state)
   at Microsoft.Extensions.Primitives.ChangeToken.OnChange(Func`1 changeTokenProducer, Action changeTokenConsumer)
   at Microsoft.AspNetCore.Mvc.Routing.ActionEndpointDataSourceBase.Subscribe()
   at Microsoft.AspNetCore.Builder.ControllerEndpointRouteBuilderExtensions.GetOrCreateDataSource(IEndpointRouteBuilder endpoints)
   at Microsoft.AspNetCore.Builder.ControllerEndpointRouteBuilderExtensions.MapDynamicControllerRoute[TTransformer](IEndpointRouteBuilder endpoints, String pattern, Object state)
   at OrchardCore.HomeRoute.Startup.Configure(IApplicationBuilder app, IEndpointRouteBuilder routes, IServiceProvider serviceProvider)
   at OrchardCore.Modules.ShellPipelineExtensions.ConfigurePipelineAsync(ApplicationBuilder builder)
   at OrchardCore.Modules.ShellPipelineExtensions.BuildPipelineInternalAsync(ShellContext context)
   at OrchardCore.Modules.ShellPipelineExtensions.BuildPipelineAsync(ShellContext context)
   at OrchardCore.Modules.ModularTenantRouterMiddleware.Invoke(HttpContext httpContext)
   at OrchardCore.Modules.ModularTenantContainerMiddleware.<>c__DisplayClass4_0.<<Invoke>b__0>d.MoveNext()
--- End of stack trace from previous location ---
   at OrchardCore.Environment.Shell.Scope.ShellScope.UsingAsync(Func`2 execute, Boolean activateShell)
   at OrchardCore.Environment.Shell.Scope.ShellScope.UsingAsync(Func`2 execute, Boolean activateShell)
   at OrchardCore.Environment.Shell.Scope.ShellScope.UsingAsync(Func`2 execute, Boolean activateShell)
   at OrchardCore.Environment.Shell.Scope.ShellScope.UsingAsync(Func`2 execute, Boolean activateShell)
   at OrchardCore.Environment.Shell.Scope.ShellScope.UsingAsync(Func`2 execute, Boolean activateShell)
   at OrchardCore.Modules.ModularTenantContainerMiddleware.Invoke(HttpContext httpContext)
   at Microsoft.AspNetCore.Authentication.AuthenticationMiddleware.Invoke(HttpContext context)
   at Microsoft.AspNetCore.Diagnostics.DeveloperExceptionPageMiddlewareImpl.Invoke(HttpContext context)    at System.Collections.Generic.Dictionary`2.TryInsert(TKey key, TValue value, InsertionBehavior behavior)
   at System.Collections.Generic.Dictionary`2.Add(TKey key, TValue value)
   at OrchardCore.Mvc.ModularApplicationModelProvider.OnProvidersExecuted(ApplicationModelProviderContext context)
   at Microsoft.AspNetCore.Mvc.ApplicationModels.ApplicationModelFactory.CreateApplicationModel(IEnumerable`1 controllerTypes)
   at Microsoft.AspNetCore.Mvc.ApplicationModels.ControllerActionDescriptorProvider.GetDescriptors()
   at Microsoft.AspNetCore.Mvc.ApplicationModels.ControllerActionDescriptorProvider.OnProvidersExecuting(ActionDescriptorProviderContext context)
   at Microsoft.AspNetCore.Mvc.Infrastructure.DefaultActionDescriptorCollectionProvider.UpdateCollection()
   at Microsoft.AspNetCore.Mvc.Infrastructure.DefaultActionDescriptorCollectionProvider.Initialize()
   at Microsoft.AspNetCore.Mvc.Infrastructure.DefaultActionDescriptorCollectionProvider.GetChangeToken()
   at Microsoft.Extensions.Primitives.ChangeToken.ChangeTokenRegistration`1..ctor(Func`1 changeTokenProducer, Action`1 changeTokenConsumer, TState state)
   at Microsoft.Extensions.Primitives.ChangeToken.OnChange(Func`1 changeTokenProducer, Action changeTokenConsumer)
   at Microsoft.AspNetCore.Mvc.Routing.ActionEndpointDataSourceBase.Subscribe()
   at Microsoft.AspNetCore.Builder.ControllerEndpointRouteBuilderExtensions.GetOrCreateDataSource(IEndpointRouteBuilder endpoints)
   at Microsoft.AspNetCore.Builder.ControllerEndpointRouteBuilderExtensions.MapDynamicControllerRoute[TTransformer](IEndpointRouteBuilder endpoints, String pattern, Object state)
   at OrchardCore.HomeRoute.Startup.Configure(IApplicationBuilder app, IEndpointRouteBuilder routes, IServiceProvider serviceProvider)
   at OrchardCore.Modules.ShellPipelineExtensions.ConfigurePipelineAsync(ApplicationBuilder builder)
   at OrchardCore.Modules.ShellPipelineExtensions.BuildPipelineInternalAsync(ShellContext context)
   at OrchardCore.Modules.ShellPipelineExtensions.BuildPipelineAsync(ShellContext context)
   at OrchardCore.Modules.ModularTenantRouterMiddleware.Invoke(HttpContext httpContext)
   at OrchardCore.Modules.ModularTenantContainerMiddleware.<>c__DisplayClass4_0.<<Invoke>b__0>d.MoveNext()
--- End of stack trace from previous location ---
   at OrchardCore.Environment.Shell.Scope.ShellScope.UsingAsync(Func`2 execute, Boolean activateShell)
   at OrchardCore.Environment.Shell.Scope.ShellScope.UsingAsync(Func`2 execute, Boolean activateShell)
   at OrchardCore.Environment.Shell.Scope.ShellScope.UsingAsync(Func`2 execute, Boolean activateShell)
   at OrchardCore.Environment.Shell.Scope.ShellScope.UsingAsync(Func`2 execute, Boolean activateShell)
   at OrchardCore.Environment.Shell.Scope.ShellScope.UsingAsync(Func`2 execute, Boolean activateShell)
   at OrchardCore.Modules.ModularTenantContainerMiddleware.Invoke(HttpContext httpContext)
   at Microsoft.AspNetCore.Authentication.AuthenticationMiddleware.Invoke(HttpContext context)
   at Microsoft.AspNetCore.Diagnostics.DeveloperExceptionPageMiddlewareImpl.Invoke(HttpContext context)
2025-11-22 16:59:47.7615|Default|00-b9a6b7e27e4e62420715a7d9dc4a42ba-88ced33202791937-00|1|Microsoft.AspNetCore.Diagnostics.DeveloperExceptionPageMiddleware|ERROR|An unhandled exception has occurred while executing the request. System.ArgumentException: An item with the same key has already been added. Key: area
   at System.Collections.Generic.Dictionary`2.TryInsert(TKey key, TValue value, InsertionBehavior behavior)
   at System.Collections.Generic.Dictionary`2.Add(TKey key, TValue value)
   at OrchardCore.Mvc.ModularApplicationModelProvider.OnProvidersExecuted(ApplicationModelProviderContext context)
   at Microsoft.AspNetCore.Mvc.ApplicationModels.ApplicationModelFactory.CreateApplicationModel(IEnumerable`1 controllerTypes)
   at Microsoft.AspNetCore.Mvc.ApplicationModels.ControllerActionDescriptorProvider.GetDescriptors()
   at Microsoft.AspNetCore.Mvc.ApplicationModels.ControllerActionDescriptorProvider.OnProvidersExecuting(ActionDescriptorProviderContext context)
   at Microsoft.AspNetCore.Mvc.Infrastructure.DefaultActionDescriptorCollectionProvider.UpdateCollection()
   at Microsoft.AspNetCore.Mvc.Infrastructure.DefaultActionDescriptorCollectionProvider.Initialize()
   at Microsoft.AspNetCore.Mvc.Infrastructure.DefaultActionDescriptorCollectionProvider.GetChangeToken()
   at Microsoft.Extensions.Primitives.ChangeToken.OnChange(Func`1 changeTokenProducer, Action changeTokenConsumer)
   at Microsoft.AspNetCore.Mvc.Routing.ActionEndpointDataSourceBase.Subscribe()
   at Microsoft.AspNetCore.Builder.ControllerEndpointRouteBuilderExtensions.GetOrCreateDataSource(IEndpointRouteBuilder endpoints)
   at Microsoft.AspNetCore.Builder.ControllerEndpointRouteBuilderExtensions.MapDynamicControllerRoute[TTransformer](IEndpointRouteBuilder endpoints, String pattern, Object state)
   at OrchardCore.HomeRoute.Startup.Configure(IApplicationBuilder app, IEndpointRouteBuilder routes, IServiceProvider serviceProvider)
   at OrchardCore.Modules.ShellPipelineExtensions.ConfigurePipelineAsync(ApplicationBuilder builder)
   at OrchardCore.Modules.ShellPipelineExtensions.BuildPipelineInternalAsync(ShellContext context)
   at OrchardCore.Modules.ShellPipelineExtensions.BuildPipelineAsync(ShellContext context)
   at OrchardCore.Modules.ModularTenantRouterMiddleware.Invoke(HttpContext httpContext)
   at OrchardCore.Modules.ModularTenantContainerMiddleware.<>c__DisplayClass4_0.<<Invoke>b__0>d.MoveNext()
--- End of stack trace from previous location ---
   at OrchardCore.Environment.Shell.Scope.ShellScope.UsingAsync(Func`2 execute, Boolean activateShell)
   at OrchardCore.Environment.Shell.Scope.ShellScope.UsingAsync(Func`2 execute, Boolean activateShell)
   at OrchardCore.Environment.Shell.Scope.ShellScope.UsingAsync(Func`2 execute, Boolean activateShell)
   at OrchardCore.Environment.Shell.Scope.ShellScope.UsingAsync(Func`2 execute, Boolean activateShell)
   at OrchardCore.Environment.Shell.Scope.ShellScope.UsingAsync(Func`2 execute, Boolean activateShell)
   at OrchardCore.Modules.ModularTenantContainerMiddleware.Invoke(HttpContext httpContext)
   at Microsoft.AspNetCore.Authentication.AuthenticationMiddleware.Invoke(HttpContext context)
   at Microsoft.AspNetCore.Diagnostics.DeveloperExceptionPageMiddlewareImpl.Invoke(HttpContext context)    at System.Collections.Generic.Dictionary`2.TryInsert(TKey key, TValue value, InsertionBehavior behavior)
   at System.Collections.Generic.Dictionary`2.Add(TKey key, TValue value)
   at OrchardCore.Mvc.ModularApplicationModelProvider.OnProvidersExecuted(ApplicationModelProviderContext context)
   at Microsoft.AspNetCore.Mvc.ApplicationModels.ApplicationModelFactory.CreateApplicationModel(IEnumerable`1 controllerTypes)
   at Microsoft.AspNetCore.Mvc.ApplicationModels.ControllerActionDescriptorProvider.GetDescriptors()
   at Microsoft.AspNetCore.Mvc.ApplicationModels.ControllerActionDescriptorProvider.OnProvidersExecuting(ActionDescriptorProviderContext context)
   at Microsoft.AspNetCore.Mvc.Infrastructure.DefaultActionDescriptorCollectionProvider.UpdateCollection()
   at Microsoft.AspNetCore.Mvc.Infrastructure.DefaultActionDescriptorCollectionProvider.Initialize()
   at Microsoft.AspNetCore.Mvc.Infrastructure.DefaultActionDescriptorCollectionProvider.GetChangeToken()
   at Microsoft.Extensions.Primitives.ChangeToken.OnChange(Func`1 changeTokenProducer, Action changeTokenConsumer)
   at Microsoft.AspNetCore.Mvc.Routing.ActionEndpointDataSourceBase.Subscribe()
   at Microsoft.AspNetCore.Builder.ControllerEndpointRouteBuilderExtensions.GetOrCreateDataSource(IEndpointRouteBuilder endpoints)
   at Microsoft.AspNetCore.Builder.ControllerEndpointRouteBuilderExtensions.MapDynamicControllerRoute[TTransformer](IEndpointRouteBuilder endpoints, String pattern, Object state)
   at OrchardCore.HomeRoute.Startup.Configure(IApplicationBuilder app, IEndpointRouteBuilder routes, IServiceProvider serviceProvider)
   at OrchardCore.Modules.ShellPipelineExtensions.ConfigurePipelineAsync(ApplicationBuilder builder)
   at OrchardCore.Modules.ShellPipelineExtensions.BuildPipelineInternalAsync(ShellContext context)
   at OrchardCore.Modules.ShellPipelineExtensions.BuildPipelineAsync(ShellContext context)
   at OrchardCore.Modules.ModularTenantRouterMiddleware.Invoke(HttpContext httpContext)
   at OrchardCore.Modules.ModularTenantContainerMiddleware.<>c__DisplayClass4_0.<<Invoke>b__0>d.MoveNext()
--- End of stack trace from previous location ---
   at OrchardCore.Environment.Shell.Scope.ShellScope.UsingAsync(Func`2 execute, Boolean activateShell)
   at OrchardCore.Environment.Shell.Scope.ShellScope.UsingAsync(Func`2 execute, Boolean activateShell)
   at OrchardCore.Environment.Shell.Scope.ShellScope.UsingAsync(Func`2 execute, Boolean activateShell)
   at OrchardCore.Environment.Shell.Scope.ShellScope.UsingAsync(Func`2 execute, Boolean activateShell)
   at OrchardCore.Environment.Shell.Scope.ShellScope.UsingAsync(Func`2 execute, Boolean activateShell)
   at OrchardCore.Modules.ModularTenantContainerMiddleware.Invoke(HttpContext httpContext)
   at Microsoft.AspNetCore.Authentication.AuthenticationMiddleware.Invoke(HttpContext context)
   at Microsoft.AspNetCore.Diagnostics.DeveloperExceptionPageMiddlewareImpl.Invoke(HttpContext context)
2025-11-22 16:59:47.8349|Default|00-a471cad0d8e963e9700189233191e6e3-8aa3397cff20726e-00|1|Microsoft.AspNetCore.Diagnostics.DeveloperExceptionPageMiddleware|ERROR|An unhandled exception has occurred while executing the request. System.ArgumentException: An item with the same key has already been added. Key: area
   at System.Collections.Generic.Dictionary`2.TryInsert(TKey key, TValue value, InsertionBehavior behavior)
   at System.Collections.Generic.Dictionary`2.Add(TKey key, TValue value)
   at OrchardCore.Mvc.ModularApplicationModelProvider.OnProvidersExecuted(ApplicationModelProviderContext context)
   at Microsoft.AspNetCore.Mvc.ApplicationModels.ApplicationModelFactory.CreateApplicationModel(IEnumerable`1 controllerTypes)
   at Microsoft.AspNetCore.Mvc.ApplicationModels.ControllerActionDescriptorProvider.GetDescriptors()
   at Microsoft.AspNetCore.Mvc.ApplicationModels.ControllerActionDescriptorProvider.OnProvidersExecuting(ActionDescriptorProviderContext context)
   at Microsoft.AspNetCore.Mvc.Infrastructure.DefaultActionDescriptorCollectionProvider.UpdateCollection()
   at Microsoft.AspNetCore.Mvc.Infrastructure.DefaultActionDescriptorCollectionProvider.Initialize()
   at Microsoft.AspNetCore.Mvc.Infrastructure.DefaultActionDescriptorCollectionProvider.GetChangeToken()
   at Microsoft.Extensions.Primitives.ChangeToken.OnChange(Func`1 changeTokenProducer, Action changeTokenConsumer)
   at Microsoft.AspNetCore.Mvc.Routing.ActionEndpointDataSourceBase.Subscribe()
   at Microsoft.AspNetCore.Builder.ControllerEndpointRouteBuilderExtensions.GetOrCreateDataSource(IEndpointRouteBuilder endpoints)
   at Microsoft.AspNetCore.Builder.ControllerEndpointRouteBuilderExtensions.MapDynamicControllerRoute[TTransformer](IEndpointRouteBuilder endpoints, String pattern, Object state)
   at OrchardCore.HomeRoute.Startup.Configure(IApplicationBuilder app, IEndpointRouteBuilder routes, IServiceProvider serviceProvider)
   at OrchardCore.Modules.ShellPipelineExtensions.ConfigurePipelineAsync(ApplicationBuilder builder)
   at OrchardCore.Modules.ShellPipelineExtensions.BuildPipelineInternalAsync(ShellContext context)
   at OrchardCore.Modules.ShellPipelineExtensions.BuildPipelineAsync(ShellContext context)
   at OrchardCore.Modules.ModularTenantRouterMiddleware.Invoke(HttpContext httpContext)
   at OrchardCore.Modules.ModularTenantContainerMiddleware.<>c__DisplayClass4_0.<<Invoke>b__0>d.MoveNext()
--- End of stack trace from previous location ---
   at OrchardCore.Environment.Shell.Scope.ShellScope.UsingAsync(Func`2 execute, Boolean activateShell)
   at OrchardCore.Environment.Shell.Scope.ShellScope.UsingAsync(Func`2 execute, Boolean activateShell)
   at OrchardCore.Environment.Shell.Scope.ShellScope.UsingAsync(Func`2 execute, Boolean activateShell)
   at OrchardCore.Environment.Shell.Scope.ShellScope.UsingAsync(Func`2 execute, Boolean activateShell)
   at OrchardCore.Environment.Shell.Scope.ShellScope.UsingAsync(Func`2 execute, Boolean activateShell)
   at OrchardCore.Modules.ModularTenantContainerMiddleware.Invoke(HttpContext httpContext)
   at Microsoft.AspNetCore.Authentication.AuthenticationMiddleware.Invoke(HttpContext context)
   at Microsoft.AspNetCore.Diagnostics.DeveloperExceptionPageMiddlewareImpl.Invoke(HttpContext context)    at System.Collections.Generic.Dictionary`2.TryInsert(TKey key, TValue value, InsertionBehavior behavior)
   at System.Collections.Generic.Dictionary`2.Add(TKey key, TValue value)
   at OrchardCore.Mvc.ModularApplicationModelProvider.OnProvidersExecuted(ApplicationModelProviderContext context)
   at Microsoft.AspNetCore.Mvc.ApplicationModels.ApplicationModelFactory.CreateApplicationModel(IEnumerable`1 controllerTypes)
   at Microsoft.AspNetCore.Mvc.ApplicationModels.ControllerActionDescriptorProvider.GetDescriptors()
   at Microsoft.AspNetCore.Mvc.ApplicationModels.ControllerActionDescriptorProvider.OnProvidersExecuting(ActionDescriptorProviderContext context)
   at Microsoft.AspNetCore.Mvc.Infrastructure.DefaultActionDescriptorCollectionProvider.UpdateCollection()
   at Microsoft.AspNetCore.Mvc.Infrastructure.DefaultActionDescriptorCollectionProvider.Initialize()
   at Microsoft.AspNetCore.Mvc.Infrastructure.DefaultActionDescriptorCollectionProvider.GetChangeToken()
   at Microsoft.Extensions.Primitives.ChangeToken.OnChange(Func`1 changeTokenProducer, Action changeTokenConsumer)
   at Microsoft.AspNetCore.Mvc.Routing.ActionEndpointDataSourceBase.Subscribe()
   at Microsoft.AspNetCore.Builder.ControllerEndpointRouteBuilderExtensions.GetOrCreateDataSource(IEndpointRouteBuilder endpoints)
   at Microsoft.AspNetCore.Builder.ControllerEndpointRouteBuilderExtensions.MapDynamicControllerRoute[TTransformer](IEndpointRouteBuilder endpoints, String pattern, Object state)
   at OrchardCore.HomeRoute.Startup.Configure(IApplicationBuilder app, IEndpointRouteBuilder routes, IServiceProvider serviceProvider)
   at OrchardCore.Modules.ShellPipelineExtensions.ConfigurePipelineAsync(ApplicationBuilder builder)
   at OrchardCore.Modules.ShellPipelineExtensions.BuildPipelineInternalAsync(ShellContext context)
   at OrchardCore.Modules.ShellPipelineExtensions.BuildPipelineAsync(ShellContext context)
   at OrchardCore.Modules.ModularTenantRouterMiddleware.Invoke(HttpContext httpContext)
   at OrchardCore.Modules.ModularTenantContainerMiddleware.<>c__DisplayClass4_0.<<Invoke>b__0>d.MoveNext()
--- End of stack trace from previous location ---
   at OrchardCore.Environment.Shell.Scope.ShellScope.UsingAsync(Func`2 execute, Boolean activateShell)
   at OrchardCore.Environment.Shell.Scope.ShellScope.UsingAsync(Func`2 execute, Boolean activateShell)
   at OrchardCore.Environment.Shell.Scope.ShellScope.UsingAsync(Func`2 execute, Boolean activateShell)
   at OrchardCore.Environment.Shell.Scope.ShellScope.UsingAsync(Func`2 execute, Boolean activateShell)
   at OrchardCore.Environment.Shell.Scope.ShellScope.UsingAsync(Func`2 execute, Boolean activateShell)
   at OrchardCore.Modules.ModularTenantContainerMiddleware.Invoke(HttpContext httpContext)
   at Microsoft.AspNetCore.Authentication.AuthenticationMiddleware.Invoke(HttpContext context)
   at Microsoft.AspNetCore.Diagnostics.DeveloperExceptionPageMiddlewareImpl.Invoke(HttpContext context)
2025-11-22 17:01:09.3690||||Microsoft.Hosting.Lifetime|INFO|Application is shutting down... 
2025-11-22 17:01:34.2945|||8|Microsoft.AspNetCore.Server.Kestrel.Core.KestrelServer|WARN|The ASP.NET Core developer certificate is not trusted. For information about trusting the ASP.NET Core developer certificate, see https://aka.ms/aspnet/https-trust-dev-cert. 
2025-11-22 17:01:34.3358|||14|Microsoft.Hosting.Lifetime|INFO|Now listening on: https://localhost:5001 
2025-11-22 17:01:34.3358|||14|Microsoft.Hosting.Lifetime|INFO|Now listening on: http://localhost:5000 
2025-11-22 17:01:34.3395||||Microsoft.Hosting.Lifetime|INFO|Application started. Press Ctrl+C to shut down. 
2025-11-22 17:01:34.3395||||Microsoft.Hosting.Lifetime|INFO|Hosting environment: Development 
2025-11-22 17:01:34.3395||||Microsoft.Hosting.Lifetime|INFO|Content root path: D:\GitHub\Orchard CMS\RoommateManager\RoommateManager.Web 
2025-11-22 17:02:02.1826|Default|00-791b9e6c5d645e367ee36876cd6edbe8-878e512e27de059d-00|1|Microsoft.AspNetCore.Diagnostics.DeveloperExceptionPageMiddleware|ERROR|An unhandled exception has occurred while executing the request. System.ArgumentException: An item with the same key has already been added. Key: area
   at System.Collections.Generic.Dictionary`2.TryInsert(TKey key, TValue value, InsertionBehavior behavior)
   at System.Collections.Generic.Dictionary`2.Add(TKey key, TValue value)
   at OrchardCore.Mvc.ModularApplicationModelProvider.OnProvidersExecuted(ApplicationModelProviderContext context)
   at Microsoft.AspNetCore.Mvc.ApplicationModels.ApplicationModelFactory.CreateApplicationModel(IEnumerable`1 controllerTypes)
   at Microsoft.AspNetCore.Mvc.ApplicationModels.ControllerActionDescriptorProvider.GetDescriptors()
   at Microsoft.AspNetCore.Mvc.ApplicationModels.ControllerActionDescriptorProvider.OnProvidersExecuting(ActionDescriptorProviderContext context)
   at Microsoft.AspNetCore.Mvc.Infrastructure.DefaultActionDescriptorCollectionProvider.UpdateCollection()
   at Microsoft.AspNetCore.Mvc.Infrastructure.DefaultActionDescriptorCollectionProvider.Initialize()
   at Microsoft.AspNetCore.Mvc.Infrastructure.DefaultActionDescriptorCollectionProvider.GetChangeToken()
   at Microsoft.Extensions.Primitives.ChangeToken.ChangeTokenRegistration`1..ctor(Func`1 changeTokenProducer, Action`1 changeTokenConsumer, TState state)
   at Microsoft.Extensions.Primitives.ChangeToken.OnChange(Func`1 changeTokenProducer, Action changeTokenConsumer)
   at Microsoft.AspNetCore.Mvc.Routing.ActionEndpointDataSourceBase.Subscribe()
   at Microsoft.AspNetCore.Builder.ControllerEndpointRouteBuilderExtensions.GetOrCreateDataSource(IEndpointRouteBuilder endpoints)
   at Microsoft.AspNetCore.Builder.ControllerEndpointRouteBuilderExtensions.MapDynamicControllerRoute[TTransformer](IEndpointRouteBuilder endpoints, String pattern, Object state)
   at OrchardCore.HomeRoute.Startup.Configure(IApplicationBuilder app, IEndpointRouteBuilder routes, IServiceProvider serviceProvider)
   at OrchardCore.Modules.ShellPipelineExtensions.ConfigurePipelineAsync(ApplicationBuilder builder)
   at OrchardCore.Modules.ShellPipelineExtensions.BuildPipelineInternalAsync(ShellContext context)
   at OrchardCore.Modules.ShellPipelineExtensions.BuildPipelineAsync(ShellContext context)
   at OrchardCore.Modules.ModularTenantRouterMiddleware.Invoke(HttpContext httpContext)
   at OrchardCore.Modules.ModularTenantContainerMiddleware.<>c__DisplayClass4_0.<<Invoke>b__0>d.MoveNext()
--- End of stack trace from previous location ---
   at OrchardCore.Environment.Shell.Scope.ShellScope.UsingAsync(Func`2 execute, Boolean activateShell)
   at OrchardCore.Environment.Shell.Scope.ShellScope.UsingAsync(Func`2 execute, Boolean activateShell)
   at OrchardCore.Environment.Shell.Scope.ShellScope.UsingAsync(Func`2 execute, Boolean activateShell)
   at OrchardCore.Environment.Shell.Scope.ShellScope.UsingAsync(Func`2 execute, Boolean activateShell)
   at OrchardCore.Environment.Shell.Scope.ShellScope.UsingAsync(Func`2 execute, Boolean activateShell)
   at OrchardCore.Modules.ModularTenantContainerMiddleware.Invoke(HttpContext httpContext)
   at Microsoft.AspNetCore.Authentication.AuthenticationMiddleware.Invoke(HttpContext context)
   at Microsoft.AspNetCore.Diagnostics.DeveloperExceptionPageMiddlewareImpl.Invoke(HttpContext context)    at System.Collections.Generic.Dictionary`2.TryInsert(TKey key, TValue value, InsertionBehavior behavior)
   at System.Collections.Generic.Dictionary`2.Add(TKey key, TValue value)
   at OrchardCore.Mvc.ModularApplicationModelProvider.OnProvidersExecuted(ApplicationModelProviderContext context)
   at Microsoft.AspNetCore.Mvc.ApplicationModels.ApplicationModelFactory.CreateApplicationModel(IEnumerable`1 controllerTypes)
   at Microsoft.AspNetCore.Mvc.ApplicationModels.ControllerActionDescriptorProvider.GetDescriptors()
   at Microsoft.AspNetCore.Mvc.ApplicationModels.ControllerActionDescriptorProvider.OnProvidersExecuting(ActionDescriptorProviderContext context)
   at Microsoft.AspNetCore.Mvc.Infrastructure.DefaultActionDescriptorCollectionProvider.UpdateCollection()
   at Microsoft.AspNetCore.Mvc.Infrastructure.DefaultActionDescriptorCollectionProvider.Initialize()
   at Microsoft.AspNetCore.Mvc.Infrastructure.DefaultActionDescriptorCollectionProvider.GetChangeToken()
   at Microsoft.Extensions.Primitives.ChangeToken.ChangeTokenRegistration`1..ctor(Func`1 changeTokenProducer, Action`1 changeTokenConsumer, TState state)
   at Microsoft.Extensions.Primitives.ChangeToken.OnChange(Func`1 changeTokenProducer, Action changeTokenConsumer)
   at Microsoft.AspNetCore.Mvc.Routing.ActionEndpointDataSourceBase.Subscribe()
   at Microsoft.AspNetCore.Builder.ControllerEndpointRouteBuilderExtensions.GetOrCreateDataSource(IEndpointRouteBuilder endpoints)
   at Microsoft.AspNetCore.Builder.ControllerEndpointRouteBuilderExtensions.MapDynamicControllerRoute[TTransformer](IEndpointRouteBuilder endpoints, String pattern, Object state)
   at OrchardCore.HomeRoute.Startup.Configure(IApplicationBuilder app, IEndpointRouteBuilder routes, IServiceProvider serviceProvider)
   at OrchardCore.Modules.ShellPipelineExtensions.ConfigurePipelineAsync(ApplicationBuilder builder)
   at OrchardCore.Modules.ShellPipelineExtensions.BuildPipelineInternalAsync(ShellContext context)
   at OrchardCore.Modules.ShellPipelineExtensions.BuildPipelineAsync(ShellContext context)
   at OrchardCore.Modules.ModularTenantRouterMiddleware.Invoke(HttpContext httpContext)
   at OrchardCore.Modules.ModularTenantContainerMiddleware.<>c__DisplayClass4_0.<<Invoke>b__0>d.MoveNext()
--- End of stack trace from previous location ---
   at OrchardCore.Environment.Shell.Scope.ShellScope.UsingAsync(Func`2 execute, Boolean activateShell)
   at OrchardCore.Environment.Shell.Scope.ShellScope.UsingAsync(Func`2 execute, Boolean activateShell)
   at OrchardCore.Environment.Shell.Scope.ShellScope.UsingAsync(Func`2 execute, Boolean activateShell)
   at OrchardCore.Environment.Shell.Scope.ShellScope.UsingAsync(Func`2 execute, Boolean activateShell)
   at OrchardCore.Environment.Shell.Scope.ShellScope.UsingAsync(Func`2 execute, Boolean activateShell)
   at OrchardCore.Modules.ModularTenantContainerMiddleware.Invoke(HttpContext httpContext)
   at Microsoft.AspNetCore.Authentication.AuthenticationMiddleware.Invoke(HttpContext context)
   at Microsoft.AspNetCore.Diagnostics.DeveloperExceptionPageMiddlewareImpl.Invoke(HttpContext context)
2025-11-22 17:02:02.2156|Default|00-4744fe88a953f71876f4f9ae862286d8-6f7b838741692bac-00|1|Microsoft.AspNetCore.Diagnostics.DeveloperExceptionPageMiddleware|ERROR|An unhandled exception has occurred while executing the request. System.ArgumentException: An item with the same key has already been added. Key: area
   at System.Collections.Generic.Dictionary`2.TryInsert(TKey key, TValue value, InsertionBehavior behavior)
   at System.Collections.Generic.Dictionary`2.Add(TKey key, TValue value)
   at OrchardCore.Mvc.ModularApplicationModelProvider.OnProvidersExecuted(ApplicationModelProviderContext context)
   at Microsoft.AspNetCore.Mvc.ApplicationModels.ApplicationModelFactory.CreateApplicationModel(IEnumerable`1 controllerTypes)
   at Microsoft.AspNetCore.Mvc.ApplicationModels.ControllerActionDescriptorProvider.GetDescriptors()
   at Microsoft.AspNetCore.Mvc.ApplicationModels.ControllerActionDescriptorProvider.OnProvidersExecuting(ActionDescriptorProviderContext context)
   at Microsoft.AspNetCore.Mvc.Infrastructure.DefaultActionDescriptorCollectionProvider.UpdateCollection()
   at Microsoft.AspNetCore.Mvc.Infrastructure.DefaultActionDescriptorCollectionProvider.Initialize()
   at Microsoft.AspNetCore.Mvc.Infrastructure.DefaultActionDescriptorCollectionProvider.GetChangeToken()
   at Microsoft.Extensions.Primitives.ChangeToken.ChangeTokenRegistration`1..ctor(Func`1 changeTokenProducer, Action`1 changeTokenConsumer, TState state)
   at Microsoft.Extensions.Primitives.ChangeToken.OnChange(Func`1 changeTokenProducer, Action changeTokenConsumer)
   at Microsoft.AspNetCore.Mvc.Routing.ActionEndpointDataSourceBase.Subscribe()
   at Microsoft.AspNetCore.Builder.ControllerEndpointRouteBuilderExtensions.GetOrCreateDataSource(IEndpointRouteBuilder endpoints)
   at Microsoft.AspNetCore.Builder.ControllerEndpointRouteBuilderExtensions.MapDynamicControllerRoute[TTransformer](IEndpointRouteBuilder endpoints, String pattern, Object state)
   at OrchardCore.HomeRoute.Startup.Configure(IApplicationBuilder app, IEndpointRouteBuilder routes, IServiceProvider serviceProvider)
   at OrchardCore.Modules.ShellPipelineExtensions.ConfigurePipelineAsync(ApplicationBuilder builder)
   at OrchardCore.Modules.ShellPipelineExtensions.BuildPipelineInternalAsync(ShellContext context)
   at OrchardCore.Modules.ShellPipelineExtensions.BuildPipelineAsync(ShellContext context)
   at OrchardCore.Modules.ModularTenantRouterMiddleware.Invoke(HttpContext httpContext)
   at OrchardCore.Modules.ModularTenantContainerMiddleware.<>c__DisplayClass4_0.<<Invoke>b__0>d.MoveNext()
--- End of stack trace from previous location ---
   at OrchardCore.Environment.Shell.Scope.ShellScope.UsingAsync(Func`2 execute, Boolean activateShell)
   at OrchardCore.Environment.Shell.Scope.ShellScope.UsingAsync(Func`2 execute, Boolean activateShell)
   at OrchardCore.Environment.Shell.Scope.ShellScope.UsingAsync(Func`2 execute, Boolean activateShell)
   at OrchardCore.Environment.Shell.Scope.ShellScope.UsingAsync(Func`2 execute, Boolean activateShell)
   at OrchardCore.Environment.Shell.Scope.ShellScope.UsingAsync(Func`2 execute, Boolean activateShell)
   at OrchardCore.Modules.ModularTenantContainerMiddleware.Invoke(HttpContext httpContext)
   at Microsoft.AspNetCore.Authentication.AuthenticationMiddleware.Invoke(HttpContext context)
   at Microsoft.AspNetCore.Diagnostics.DeveloperExceptionPageMiddlewareImpl.Invoke(HttpContext context)    at System.Collections.Generic.Dictionary`2.TryInsert(TKey key, TValue value, InsertionBehavior behavior)
   at System.Collections.Generic.Dictionary`2.Add(TKey key, TValue value)
   at OrchardCore.Mvc.ModularApplicationModelProvider.OnProvidersExecuted(ApplicationModelProviderContext context)
   at Microsoft.AspNetCore.Mvc.ApplicationModels.ApplicationModelFactory.CreateApplicationModel(IEnumerable`1 controllerTypes)
   at Microsoft.AspNetCore.Mvc.ApplicationModels.ControllerActionDescriptorProvider.GetDescriptors()
   at Microsoft.AspNetCore.Mvc.ApplicationModels.ControllerActionDescriptorProvider.OnProvidersExecuting(ActionDescriptorProviderContext context)
   at Microsoft.AspNetCore.Mvc.Infrastructure.DefaultActionDescriptorCollectionProvider.UpdateCollection()
   at Microsoft.AspNetCore.Mvc.Infrastructure.DefaultActionDescriptorCollectionProvider.Initialize()
   at Microsoft.AspNetCore.Mvc.Infrastructure.DefaultActionDescriptorCollectionProvider.GetChangeToken()
   at Microsoft.Extensions.Primitives.ChangeToken.ChangeTokenRegistration`1..ctor(Func`1 changeTokenProducer, Action`1 changeTokenConsumer, TState state)
   at Microsoft.Extensions.Primitives.ChangeToken.OnChange(Func`1 changeTokenProducer, Action changeTokenConsumer)
   at Microsoft.AspNetCore.Mvc.Routing.ActionEndpointDataSourceBase.Subscribe()
   at Microsoft.AspNetCore.Builder.ControllerEndpointRouteBuilderExtensions.GetOrCreateDataSource(IEndpointRouteBuilder endpoints)
   at Microsoft.AspNetCore.Builder.ControllerEndpointRouteBuilderExtensions.MapDynamicControllerRoute[TTransformer](IEndpointRouteBuilder endpoints, String pattern, Object state)
   at OrchardCore.HomeRoute.Startup.Configure(IApplicationBuilder app, IEndpointRouteBuilder routes, IServiceProvider serviceProvider)
   at OrchardCore.Modules.ShellPipelineExtensions.ConfigurePipelineAsync(ApplicationBuilder builder)
   at OrchardCore.Modules.ShellPipelineExtensions.BuildPipelineInternalAsync(ShellContext context)
   at OrchardCore.Modules.ShellPipelineExtensions.BuildPipelineAsync(ShellContext context)
   at OrchardCore.Modules.ModularTenantRouterMiddleware.Invoke(HttpContext httpContext)
   at OrchardCore.Modules.ModularTenantContainerMiddleware.<>c__DisplayClass4_0.<<Invoke>b__0>d.MoveNext()
--- End of stack trace from previous location ---
   at OrchardCore.Environment.Shell.Scope.ShellScope.UsingAsync(Func`2 execute, Boolean activateShell)
   at OrchardCore.Environment.Shell.Scope.ShellScope.UsingAsync(Func`2 execute, Boolean activateShell)
   at OrchardCore.Environment.Shell.Scope.ShellScope.UsingAsync(Func`2 execute, Boolean activateShell)
   at OrchardCore.Environment.Shell.Scope.ShellScope.UsingAsync(Func`2 execute, Boolean activateShell)
   at OrchardCore.Environment.Shell.Scope.ShellScope.UsingAsync(Func`2 execute, Boolean activateShell)
   at OrchardCore.Modules.ModularTenantContainerMiddleware.Invoke(HttpContext httpContext)
   at Microsoft.AspNetCore.Authentication.AuthenticationMiddleware.Invoke(HttpContext context)
   at Microsoft.AspNetCore.Diagnostics.DeveloperExceptionPageMiddlewareImpl.Invoke(HttpContext context)
2025-11-22 17:02:02.2934|Default|00-db0121ddfbcade085750152cef130577-821e8091137775e8-00|1|Microsoft.AspNetCore.Diagnostics.DeveloperExceptionPageMiddleware|ERROR|An unhandled exception has occurred while executing the request. System.ArgumentException: An item with the same key has already been added. Key: area
   at System.Collections.Generic.Dictionary`2.TryInsert(TKey key, TValue value, InsertionBehavior behavior)
   at System.Collections.Generic.Dictionary`2.Add(TKey key, TValue value)
   at OrchardCore.Mvc.ModularApplicationModelProvider.OnProvidersExecuted(ApplicationModelProviderContext context)
   at Microsoft.AspNetCore.Mvc.ApplicationModels.ApplicationModelFactory.CreateApplicationModel(IEnumerable`1 controllerTypes)
   at Microsoft.AspNetCore.Mvc.ApplicationModels.ControllerActionDescriptorProvider.GetDescriptors()
   at Microsoft.AspNetCore.Mvc.ApplicationModels.ControllerActionDescriptorProvider.OnProvidersExecuting(ActionDescriptorProviderContext context)
   at Microsoft.AspNetCore.Mvc.Infrastructure.DefaultActionDescriptorCollectionProvider.UpdateCollection()
   at Microsoft.AspNetCore.Mvc.Infrastructure.DefaultActionDescriptorCollectionProvider.Initialize()
   at Microsoft.AspNetCore.Mvc.Infrastructure.DefaultActionDescriptorCollectionProvider.GetChangeToken()
   at Microsoft.Extensions.Primitives.ChangeToken.ChangeTokenRegistration`1..ctor(Func`1 changeTokenProducer, Action`1 changeTokenConsumer, TState state)
   at Microsoft.Extensions.Primitives.ChangeToken.OnChange(Func`1 changeTokenProducer, Action changeTokenConsumer)
   at Microsoft.AspNetCore.Mvc.Routing.ActionEndpointDataSourceBase.Subscribe()
   at Microsoft.AspNetCore.Builder.ControllerEndpointRouteBuilderExtensions.GetOrCreateDataSource(IEndpointRouteBuilder endpoints)
   at Microsoft.AspNetCore.Builder.ControllerEndpointRouteBuilderExtensions.MapDynamicControllerRoute[TTransformer](IEndpointRouteBuilder endpoints, String pattern, Object state)
   at OrchardCore.HomeRoute.Startup.Configure(IApplicationBuilder app, IEndpointRouteBuilder routes, IServiceProvider serviceProvider)
   at OrchardCore.Modules.ShellPipelineExtensions.ConfigurePipelineAsync(ApplicationBuilder builder)
   at OrchardCore.Modules.ShellPipelineExtensions.BuildPipelineInternalAsync(ShellContext context)
   at OrchardCore.Modules.ShellPipelineExtensions.BuildPipelineAsync(ShellContext context)
   at OrchardCore.Modules.ModularTenantRouterMiddleware.Invoke(HttpContext httpContext)
   at OrchardCore.Modules.ModularTenantContainerMiddleware.<>c__DisplayClass4_0.<<Invoke>b__0>d.MoveNext()
--- End of stack trace from previous location ---
   at OrchardCore.Environment.Shell.Scope.ShellScope.UsingAsync(Func`2 execute, Boolean activateShell)
   at OrchardCore.Environment.Shell.Scope.ShellScope.UsingAsync(Func`2 execute, Boolean activateShell)
   at OrchardCore.Environment.Shell.Scope.ShellScope.UsingAsync(Func`2 execute, Boolean activateShell)
   at OrchardCore.Environment.Shell.Scope.ShellScope.UsingAsync(Func`2 execute, Boolean activateShell)
   at OrchardCore.Environment.Shell.Scope.ShellScope.UsingAsync(Func`2 execute, Boolean activateShell)
   at OrchardCore.Modules.ModularTenantContainerMiddleware.Invoke(HttpContext httpContext)
   at Microsoft.AspNetCore.Authentication.AuthenticationMiddleware.Invoke(HttpContext context)
   at Microsoft.AspNetCore.Diagnostics.DeveloperExceptionPageMiddlewareImpl.Invoke(HttpContext context)    at System.Collections.Generic.Dictionary`2.TryInsert(TKey key, TValue value, InsertionBehavior behavior)
   at System.Collections.Generic.Dictionary`2.Add(TKey key, TValue value)
   at OrchardCore.Mvc.ModularApplicationModelProvider.OnProvidersExecuted(ApplicationModelProviderContext context)
   at Microsoft.AspNetCore.Mvc.ApplicationModels.ApplicationModelFactory.CreateApplicationModel(IEnumerable`1 controllerTypes)
   at Microsoft.AspNetCore.Mvc.ApplicationModels.ControllerActionDescriptorProvider.GetDescriptors()
   at Microsoft.AspNetCore.Mvc.ApplicationModels.ControllerActionDescriptorProvider.OnProvidersExecuting(ActionDescriptorProviderContext context)
   at Microsoft.AspNetCore.Mvc.Infrastructure.DefaultActionDescriptorCollectionProvider.UpdateCollection()
   at Microsoft.AspNetCore.Mvc.Infrastructure.DefaultActionDescriptorCollectionProvider.Initialize()
   at Microsoft.AspNetCore.Mvc.Infrastructure.DefaultActionDescriptorCollectionProvider.GetChangeToken()
   at Microsoft.Extensions.Primitives.ChangeToken.ChangeTokenRegistration`1..ctor(Func`1 changeTokenProducer, Action`1 changeTokenConsumer, TState state)
   at Microsoft.Extensions.Primitives.ChangeToken.OnChange(Func`1 changeTokenProducer, Action changeTokenConsumer)
   at Microsoft.AspNetCore.Mvc.Routing.ActionEndpointDataSourceBase.Subscribe()
   at Microsoft.AspNetCore.Builder.ControllerEndpointRouteBuilderExtensions.GetOrCreateDataSource(IEndpointRouteBuilder endpoints)
   at Microsoft.AspNetCore.Builder.ControllerEndpointRouteBuilderExtensions.MapDynamicControllerRoute[TTransformer](IEndpointRouteBuilder endpoints, String pattern, Object state)
   at OrchardCore.HomeRoute.Startup.Configure(IApplicationBuilder app, IEndpointRouteBuilder routes, IServiceProvider serviceProvider)
   at OrchardCore.Modules.ShellPipelineExtensions.ConfigurePipelineAsync(ApplicationBuilder builder)
   at OrchardCore.Modules.ShellPipelineExtensions.BuildPipelineInternalAsync(ShellContext context)
   at OrchardCore.Modules.ShellPipelineExtensions.BuildPipelineAsync(ShellContext context)
   at OrchardCore.Modules.ModularTenantRouterMiddleware.Invoke(HttpContext httpContext)
   at OrchardCore.Modules.ModularTenantContainerMiddleware.<>c__DisplayClass4_0.<<Invoke>b__0>d.MoveNext()
--- End of stack trace from previous location ---
   at OrchardCore.Environment.Shell.Scope.ShellScope.UsingAsync(Func`2 execute, Boolean activateShell)
   at OrchardCore.Environment.Shell.Scope.ShellScope.UsingAsync(Func`2 execute, Boolean activateShell)
   at OrchardCore.Environment.Shell.Scope.ShellScope.UsingAsync(Func`2 execute, Boolean activateShell)
   at OrchardCore.Environment.Shell.Scope.ShellScope.UsingAsync(Func`2 execute, Boolean activateShell)
   at OrchardCore.Environment.Shell.Scope.ShellScope.UsingAsync(Func`2 execute, Boolean activateShell)
   at OrchardCore.Modules.ModularTenantContainerMiddleware.Invoke(HttpContext httpContext)
   at Microsoft.AspNetCore.Authentication.AuthenticationMiddleware.Invoke(HttpContext context)
   at Microsoft.AspNetCore.Diagnostics.DeveloperExceptionPageMiddlewareImpl.Invoke(HttpContext context)
2025-11-22 17:02:17.5459||||Microsoft.Hosting.Lifetime|INFO|Application is shutting down... 
2025-11-22 17:02:42.6635|||8|Microsoft.AspNetCore.Server.Kestrel.Core.KestrelServer|WARN|The ASP.NET Core developer certificate is not trusted. For information about trusting the ASP.NET Core developer certificate, see https://aka.ms/aspnet/https-trust-dev-cert. 
2025-11-22 17:02:42.7035|||14|Microsoft.Hosting.Lifetime|INFO|Now listening on: https://localhost:5001 
2025-11-22 17:02:42.7035|||14|Microsoft.Hosting.Lifetime|INFO|Now listening on: http://localhost:5000 
2025-11-22 17:02:42.7035||||Microsoft.Hosting.Lifetime|INFO|Application started. Press Ctrl+C to shut down. 
2025-11-22 17:02:42.7035||||Microsoft.Hosting.Lifetime|INFO|Hosting environment: Development 
2025-11-22 17:02:42.7035||||Microsoft.Hosting.Lifetime|INFO|Content root path: D:\GitHub\Orchard CMS\RoommateManager\RoommateManager.Web 
2025-11-22 17:03:15.2832|Default|00-d811156fb73fe2a457e4c8494e765eb2-204d01d0cfbd2b89-00|1|Microsoft.AspNetCore.Diagnostics.DeveloperExceptionPageMiddleware|ERROR|An unhandled exception has occurred while executing the request. System.ArgumentException: An item with the same key has already been added. Key: area
   at System.Collections.Generic.Dictionary`2.TryInsert(TKey key, TValue value, InsertionBehavior behavior)
   at System.Collections.Generic.Dictionary`2.Add(TKey key, TValue value)
   at OrchardCore.Mvc.ModularApplicationModelProvider.OnProvidersExecuted(ApplicationModelProviderContext context)
   at Microsoft.AspNetCore.Mvc.ApplicationModels.ApplicationModelFactory.CreateApplicationModel(IEnumerable`1 controllerTypes)
   at Microsoft.AspNetCore.Mvc.ApplicationModels.ControllerActionDescriptorProvider.GetDescriptors()
   at Microsoft.AspNetCore.Mvc.ApplicationModels.ControllerActionDescriptorProvider.OnProvidersExecuting(ActionDescriptorProviderContext context)
   at Microsoft.AspNetCore.Mvc.Infrastructure.DefaultActionDescriptorCollectionProvider.UpdateCollection()
   at Microsoft.AspNetCore.Mvc.Infrastructure.DefaultActionDescriptorCollectionProvider.Initialize()
   at Microsoft.AspNetCore.Mvc.Infrastructure.DefaultActionDescriptorCollectionProvider.GetChangeToken()
   at Microsoft.Extensions.Primitives.ChangeToken.ChangeTokenRegistration`1..ctor(Func`1 changeTokenProducer, Action`1 changeTokenConsumer, TState state)
   at Microsoft.Extensions.Primitives.ChangeToken.OnChange(Func`1 changeTokenProducer, Action changeTokenConsumer)
   at Microsoft.AspNetCore.Mvc.Routing.ActionEndpointDataSourceBase.Subscribe()
   at Microsoft.AspNetCore.Builder.ControllerEndpointRouteBuilderExtensions.GetOrCreateDataSource(IEndpointRouteBuilder endpoints)
   at Microsoft.AspNetCore.Builder.ControllerEndpointRouteBuilderExtensions.MapDynamicControllerRoute[TTransformer](IEndpointRouteBuilder endpoints, String pattern, Object state)
   at OrchardCore.HomeRoute.Startup.Configure(IApplicationBuilder app, IEndpointRouteBuilder routes, IServiceProvider serviceProvider)
   at OrchardCore.Modules.ShellPipelineExtensions.ConfigurePipelineAsync(ApplicationBuilder builder)
   at OrchardCore.Modules.ShellPipelineExtensions.BuildPipelineInternalAsync(ShellContext context)
   at OrchardCore.Modules.ShellPipelineExtensions.BuildPipelineAsync(ShellContext context)
   at OrchardCore.Modules.ModularTenantRouterMiddleware.Invoke(HttpContext httpContext)
   at OrchardCore.Modules.ModularTenantContainerMiddleware.<>c__DisplayClass4_0.<<Invoke>b__0>d.MoveNext()
--- End of stack trace from previous location ---
   at OrchardCore.Environment.Shell.Scope.ShellScope.UsingAsync(Func`2 execute, Boolean activateShell)
   at OrchardCore.Environment.Shell.Scope.ShellScope.UsingAsync(Func`2 execute, Boolean activateShell)
   at OrchardCore.Environment.Shell.Scope.ShellScope.UsingAsync(Func`2 execute, Boolean activateShell)
   at OrchardCore.Environment.Shell.Scope.ShellScope.UsingAsync(Func`2 execute, Boolean activateShell)
   at OrchardCore.Environment.Shell.Scope.ShellScope.UsingAsync(Func`2 execute, Boolean activateShell)
   at OrchardCore.Modules.ModularTenantContainerMiddleware.Invoke(HttpContext httpContext)
   at Microsoft.AspNetCore.Authentication.AuthenticationMiddleware.Invoke(HttpContext context)
   at Microsoft.AspNetCore.Diagnostics.DeveloperExceptionPageMiddlewareImpl.Invoke(HttpContext context)    at System.Collections.Generic.Dictionary`2.TryInsert(TKey key, TValue value, InsertionBehavior behavior)
   at System.Collections.Generic.Dictionary`2.Add(TKey key, TValue value)
   at OrchardCore.Mvc.ModularApplicationModelProvider.OnProvidersExecuted(ApplicationModelProviderContext context)
   at Microsoft.AspNetCore.Mvc.ApplicationModels.ApplicationModelFactory.CreateApplicationModel(IEnumerable`1 controllerTypes)
   at Microsoft.AspNetCore.Mvc.ApplicationModels.ControllerActionDescriptorProvider.GetDescriptors()
   at Microsoft.AspNetCore.Mvc.ApplicationModels.ControllerActionDescriptorProvider.OnProvidersExecuting(ActionDescriptorProviderContext context)
   at Microsoft.AspNetCore.Mvc.Infrastructure.DefaultActionDescriptorCollectionProvider.UpdateCollection()
   at Microsoft.AspNetCore.Mvc.Infrastructure.DefaultActionDescriptorCollectionProvider.Initialize()
   at Microsoft.AspNetCore.Mvc.Infrastructure.DefaultActionDescriptorCollectionProvider.GetChangeToken()
   at Microsoft.Extensions.Primitives.ChangeToken.ChangeTokenRegistration`1..ctor(Func`1 changeTokenProducer, Action`1 changeTokenConsumer, TState state)
   at Microsoft.Extensions.Primitives.ChangeToken.OnChange(Func`1 changeTokenProducer, Action changeTokenConsumer)
   at Microsoft.AspNetCore.Mvc.Routing.ActionEndpointDataSourceBase.Subscribe()
   at Microsoft.AspNetCore.Builder.ControllerEndpointRouteBuilderExtensions.GetOrCreateDataSource(IEndpointRouteBuilder endpoints)
   at Microsoft.AspNetCore.Builder.ControllerEndpointRouteBuilderExtensions.MapDynamicControllerRoute[TTransformer](IEndpointRouteBuilder endpoints, String pattern, Object state)
   at OrchardCore.HomeRoute.Startup.Configure(IApplicationBuilder app, IEndpointRouteBuilder routes, IServiceProvider serviceProvider)
   at OrchardCore.Modules.ShellPipelineExtensions.ConfigurePipelineAsync(ApplicationBuilder builder)
   at OrchardCore.Modules.ShellPipelineExtensions.BuildPipelineInternalAsync(ShellContext context)
   at OrchardCore.Modules.ShellPipelineExtensions.BuildPipelineAsync(ShellContext context)
   at OrchardCore.Modules.ModularTenantRouterMiddleware.Invoke(HttpContext httpContext)
   at OrchardCore.Modules.ModularTenantContainerMiddleware.<>c__DisplayClass4_0.<<Invoke>b__0>d.MoveNext()
--- End of stack trace from previous location ---
   at OrchardCore.Environment.Shell.Scope.ShellScope.UsingAsync(Func`2 execute, Boolean activateShell)
   at OrchardCore.Environment.Shell.Scope.ShellScope.UsingAsync(Func`2 execute, Boolean activateShell)
   at OrchardCore.Environment.Shell.Scope.ShellScope.UsingAsync(Func`2 execute, Boolean activateShell)
   at OrchardCore.Environment.Shell.Scope.ShellScope.UsingAsync(Func`2 execute, Boolean activateShell)
   at OrchardCore.Environment.Shell.Scope.ShellScope.UsingAsync(Func`2 execute, Boolean activateShell)
   at OrchardCore.Modules.ModularTenantContainerMiddleware.Invoke(HttpContext httpContext)
   at Microsoft.AspNetCore.Authentication.AuthenticationMiddleware.Invoke(HttpContext context)
   at Microsoft.AspNetCore.Diagnostics.DeveloperExceptionPageMiddlewareImpl.Invoke(HttpContext context)
2025-11-22 17:03:15.3948|Default|00-80852654792f791355d9b3e86b9b3e11-3df1962fe9b9a4e8-00|1|Microsoft.AspNetCore.Diagnostics.DeveloperExceptionPageMiddleware|ERROR|An unhandled exception has occurred while executing the request. System.ArgumentException: An item with the same key has already been added. Key: area
   at System.Collections.Generic.Dictionary`2.TryInsert(TKey key, TValue value, InsertionBehavior behavior)
   at System.Collections.Generic.Dictionary`2.Add(TKey key, TValue value)
   at OrchardCore.Mvc.ModularApplicationModelProvider.OnProvidersExecuted(ApplicationModelProviderContext context)
   at Microsoft.AspNetCore.Mvc.ApplicationModels.ApplicationModelFactory.CreateApplicationModel(IEnumerable`1 controllerTypes)
   at Microsoft.AspNetCore.Mvc.ApplicationModels.ControllerActionDescriptorProvider.GetDescriptors()
   at Microsoft.AspNetCore.Mvc.ApplicationModels.ControllerActionDescriptorProvider.OnProvidersExecuting(ActionDescriptorProviderContext context)
   at Microsoft.AspNetCore.Mvc.Infrastructure.DefaultActionDescriptorCollectionProvider.UpdateCollection()
   at Microsoft.AspNetCore.Mvc.Infrastructure.DefaultActionDescriptorCollectionProvider.Initialize()
   at Microsoft.AspNetCore.Mvc.Infrastructure.DefaultActionDescriptorCollectionProvider.GetChangeToken()
   at Microsoft.Extensions.Primitives.ChangeToken.ChangeTokenRegistration`1..ctor(Func`1 changeTokenProducer, Action`1 changeTokenConsumer, TState state)
   at Microsoft.Extensions.Primitives.ChangeToken.OnChange(Func`1 changeTokenProducer, Action changeTokenConsumer)
   at Microsoft.AspNetCore.Mvc.Routing.ActionEndpointDataSourceBase.Subscribe()
   at Microsoft.AspNetCore.Builder.ControllerEndpointRouteBuilderExtensions.GetOrCreateDataSource(IEndpointRouteBuilder endpoints)
   at Microsoft.AspNetCore.Builder.ControllerEndpointRouteBuilderExtensions.MapDynamicControllerRoute[TTransformer](IEndpointRouteBuilder endpoints, String pattern, Object state)
   at OrchardCore.HomeRoute.Startup.Configure(IApplicationBuilder app, IEndpointRouteBuilder routes, IServiceProvider serviceProvider)
   at OrchardCore.Modules.ShellPipelineExtensions.ConfigurePipelineAsync(ApplicationBuilder builder)
   at OrchardCore.Modules.ShellPipelineExtensions.BuildPipelineInternalAsync(ShellContext context)
   at OrchardCore.Modules.ShellPipelineExtensions.BuildPipelineAsync(ShellContext context)
   at OrchardCore.Modules.ModularTenantRouterMiddleware.Invoke(HttpContext httpContext)
   at OrchardCore.Modules.ModularTenantContainerMiddleware.<>c__DisplayClass4_0.<<Invoke>b__0>d.MoveNext()
--- End of stack trace from previous location ---
   at OrchardCore.Environment.Shell.Scope.ShellScope.UsingAsync(Func`2 execute, Boolean activateShell)
   at OrchardCore.Environment.Shell.Scope.ShellScope.UsingAsync(Func`2 execute, Boolean activateShell)
   at OrchardCore.Environment.Shell.Scope.ShellScope.UsingAsync(Func`2 execute, Boolean activateShell)
   at OrchardCore.Environment.Shell.Scope.ShellScope.UsingAsync(Func`2 execute, Boolean activateShell)
   at OrchardCore.Environment.Shell.Scope.ShellScope.UsingAsync(Func`2 execute, Boolean activateShell)
   at OrchardCore.Modules.ModularTenantContainerMiddleware.Invoke(HttpContext httpContext)
   at Microsoft.AspNetCore.Authentication.AuthenticationMiddleware.Invoke(HttpContext context)
   at Microsoft.AspNetCore.Diagnostics.DeveloperExceptionPageMiddlewareImpl.Invoke(HttpContext context)    at System.Collections.Generic.Dictionary`2.TryInsert(TKey key, TValue value, InsertionBehavior behavior)
   at System.Collections.Generic.Dictionary`2.Add(TKey key, TValue value)
   at OrchardCore.Mvc.ModularApplicationModelProvider.OnProvidersExecuted(ApplicationModelProviderContext context)
   at Microsoft.AspNetCore.Mvc.ApplicationModels.ApplicationModelFactory.CreateApplicationModel(IEnumerable`1 controllerTypes)
   at Microsoft.AspNetCore.Mvc.ApplicationModels.ControllerActionDescriptorProvider.GetDescriptors()
   at Microsoft.AspNetCore.Mvc.ApplicationModels.ControllerActionDescriptorProvider.OnProvidersExecuting(ActionDescriptorProviderContext context)
   at Microsoft.AspNetCore.Mvc.Infrastructure.DefaultActionDescriptorCollectionProvider.UpdateCollection()
   at Microsoft.AspNetCore.Mvc.Infrastructure.DefaultActionDescriptorCollectionProvider.Initialize()
   at Microsoft.AspNetCore.Mvc.Infrastructure.DefaultActionDescriptorCollectionProvider.GetChangeToken()
   at Microsoft.Extensions.Primitives.ChangeToken.ChangeTokenRegistration`1..ctor(Func`1 changeTokenProducer, Action`1 changeTokenConsumer, TState state)
   at Microsoft.Extensions.Primitives.ChangeToken.OnChange(Func`1 changeTokenProducer, Action changeTokenConsumer)
   at Microsoft.AspNetCore.Mvc.Routing.ActionEndpointDataSourceBase.Subscribe()
   at Microsoft.AspNetCore.Builder.ControllerEndpointRouteBuilderExtensions.GetOrCreateDataSource(IEndpointRouteBuilder endpoints)
   at Microsoft.AspNetCore.Builder.ControllerEndpointRouteBuilderExtensions.MapDynamicControllerRoute[TTransformer](IEndpointRouteBuilder endpoints, String pattern, Object state)
   at OrchardCore.HomeRoute.Startup.Configure(IApplicationBuilder app, IEndpointRouteBuilder routes, IServiceProvider serviceProvider)
   at OrchardCore.Modules.ShellPipelineExtensions.ConfigurePipelineAsync(ApplicationBuilder builder)
   at OrchardCore.Modules.ShellPipelineExtensions.BuildPipelineInternalAsync(ShellContext context)
   at OrchardCore.Modules.ShellPipelineExtensions.BuildPipelineAsync(ShellContext context)
   at OrchardCore.Modules.ModularTenantRouterMiddleware.Invoke(HttpContext httpContext)
   at OrchardCore.Modules.ModularTenantContainerMiddleware.<>c__DisplayClass4_0.<<Invoke>b__0>d.MoveNext()
--- End of stack trace from previous location ---
   at OrchardCore.Environment.Shell.Scope.ShellScope.UsingAsync(Func`2 execute, Boolean activateShell)
   at OrchardCore.Environment.Shell.Scope.ShellScope.UsingAsync(Func`2 execute, Boolean activateShell)
   at OrchardCore.Environment.Shell.Scope.ShellScope.UsingAsync(Func`2 execute, Boolean activateShell)
   at OrchardCore.Environment.Shell.Scope.ShellScope.UsingAsync(Func`2 execute, Boolean activateShell)
   at OrchardCore.Environment.Shell.Scope.ShellScope.UsingAsync(Func`2 execute, Boolean activateShell)
   at OrchardCore.Modules.ModularTenantContainerMiddleware.Invoke(HttpContext httpContext)
   at Microsoft.AspNetCore.Authentication.AuthenticationMiddleware.Invoke(HttpContext context)
   at Microsoft.AspNetCore.Diagnostics.DeveloperExceptionPageMiddlewareImpl.Invoke(HttpContext context)
2025-11-22 17:04:02.6973||||Microsoft.Hosting.Lifetime|INFO|Application is shutting down... 
2025-11-22 17:04:28.9261|||8|Microsoft.AspNetCore.Server.Kestrel.Core.KestrelServer|WARN|The ASP.NET Core developer certificate is not trusted. For information about trusting the ASP.NET Core developer certificate, see https://aka.ms/aspnet/https-trust-dev-cert. 
2025-11-22 17:04:28.9666|||14|Microsoft.Hosting.Lifetime|INFO|Now listening on: https://localhost:5001 
2025-11-22 17:04:28.9666|||14|Microsoft.Hosting.Lifetime|INFO|Now listening on: http://localhost:5000 
2025-11-22 17:04:28.9666||||Microsoft.Hosting.Lifetime|INFO|Application started. Press Ctrl+C to shut down. 
2025-11-22 17:04:28.9666||||Microsoft.Hosting.Lifetime|INFO|Hosting environment: Development 
2025-11-22 17:04:28.9666||||Microsoft.Hosting.Lifetime|INFO|Content root path: D:\GitHub\Orchard CMS\RoommateManager\RoommateManager.Web 
2025-11-22 17:04:55.7768|Default|00-cb86fe9ec431f2f1e2a77c0f44d195b1-c06b855326a502dc-00|1|Microsoft.AspNetCore.Diagnostics.DeveloperExceptionPageMiddleware|ERROR|An unhandled exception has occurred while executing the request. System.ArgumentException: An item with the same key has already been added. Key: area
   at System.Collections.Generic.Dictionary`2.TryInsert(TKey key, TValue value, InsertionBehavior behavior)
   at System.Collections.Generic.Dictionary`2.Add(TKey key, TValue value)
   at OrchardCore.Mvc.ModularApplicationModelProvider.OnProvidersExecuted(ApplicationModelProviderContext context)
   at Microsoft.AspNetCore.Mvc.ApplicationModels.ApplicationModelFactory.CreateApplicationModel(IEnumerable`1 controllerTypes)
   at Microsoft.AspNetCore.Mvc.ApplicationModels.ControllerActionDescriptorProvider.GetDescriptors()
   at Microsoft.AspNetCore.Mvc.ApplicationModels.ControllerActionDescriptorProvider.OnProvidersExecuting(ActionDescriptorProviderContext context)
   at Microsoft.AspNetCore.Mvc.Infrastructure.DefaultActionDescriptorCollectionProvider.UpdateCollection()
   at Microsoft.AspNetCore.Mvc.Infrastructure.DefaultActionDescriptorCollectionProvider.Initialize()
   at Microsoft.AspNetCore.Mvc.Infrastructure.DefaultActionDescriptorCollectionProvider.GetChangeToken()
   at Microsoft.Extensions.Primitives.ChangeToken.ChangeTokenRegistration`1..ctor(Func`1 changeTokenProducer, Action`1 changeTokenConsumer, TState state)
   at Microsoft.Extensions.Primitives.ChangeToken.OnChange(Func`1 changeTokenProducer, Action changeTokenConsumer)
   at Microsoft.AspNetCore.Mvc.Routing.ActionEndpointDataSourceBase.Subscribe()
   at Microsoft.AspNetCore.Builder.ControllerEndpointRouteBuilderExtensions.GetOrCreateDataSource(IEndpointRouteBuilder endpoints)
   at Microsoft.AspNetCore.Builder.ControllerEndpointRouteBuilderExtensions.MapDynamicControllerRoute[TTransformer](IEndpointRouteBuilder endpoints, String pattern, Object state)
   at OrchardCore.HomeRoute.Startup.Configure(IApplicationBuilder app, IEndpointRouteBuilder routes, IServiceProvider serviceProvider)
   at OrchardCore.Modules.ShellPipelineExtensions.ConfigurePipelineAsync(ApplicationBuilder builder)
   at OrchardCore.Modules.ShellPipelineExtensions.BuildPipelineInternalAsync(ShellContext context)
   at OrchardCore.Modules.ShellPipelineExtensions.BuildPipelineAsync(ShellContext context)
   at OrchardCore.Modules.ModularTenantRouterMiddleware.Invoke(HttpContext httpContext)
   at OrchardCore.Modules.ModularTenantContainerMiddleware.<>c__DisplayClass4_0.<<Invoke>b__0>d.MoveNext()
--- End of stack trace from previous location ---
   at OrchardCore.Environment.Shell.Scope.ShellScope.UsingAsync(Func`2 execute, Boolean activateShell)
   at OrchardCore.Environment.Shell.Scope.ShellScope.UsingAsync(Func`2 execute, Boolean activateShell)
   at OrchardCore.Environment.Shell.Scope.ShellScope.UsingAsync(Func`2 execute, Boolean activateShell)
   at OrchardCore.Environment.Shell.Scope.ShellScope.UsingAsync(Func`2 execute, Boolean activateShell)
   at OrchardCore.Environment.Shell.Scope.ShellScope.UsingAsync(Func`2 execute, Boolean activateShell)
   at OrchardCore.Modules.ModularTenantContainerMiddleware.Invoke(HttpContext httpContext)
   at Microsoft.AspNetCore.Authentication.AuthenticationMiddleware.Invoke(HttpContext context)
   at Microsoft.AspNetCore.Diagnostics.DeveloperExceptionPageMiddlewareImpl.Invoke(HttpContext context)    at System.Collections.Generic.Dictionary`2.TryInsert(TKey key, TValue value, InsertionBehavior behavior)
   at System.Collections.Generic.Dictionary`2.Add(TKey key, TValue value)
   at OrchardCore.Mvc.ModularApplicationModelProvider.OnProvidersExecuted(ApplicationModelProviderContext context)
   at Microsoft.AspNetCore.Mvc.ApplicationModels.ApplicationModelFactory.CreateApplicationModel(IEnumerable`1 controllerTypes)
   at Microsoft.AspNetCore.Mvc.ApplicationModels.ControllerActionDescriptorProvider.GetDescriptors()
   at Microsoft.AspNetCore.Mvc.ApplicationModels.ControllerActionDescriptorProvider.OnProvidersExecuting(ActionDescriptorProviderContext context)
   at Microsoft.AspNetCore.Mvc.Infrastructure.DefaultActionDescriptorCollectionProvider.UpdateCollection()
   at Microsoft.AspNetCore.Mvc.Infrastructure.DefaultActionDescriptorCollectionProvider.Initialize()
   at Microsoft.AspNetCore.Mvc.Infrastructure.DefaultActionDescriptorCollectionProvider.GetChangeToken()
   at Microsoft.Extensions.Primitives.ChangeToken.ChangeTokenRegistration`1..ctor(Func`1 changeTokenProducer, Action`1 changeTokenConsumer, TState state)
   at Microsoft.Extensions.Primitives.ChangeToken.OnChange(Func`1 changeTokenProducer, Action changeTokenConsumer)
   at Microsoft.AspNetCore.Mvc.Routing.ActionEndpointDataSourceBase.Subscribe()
   at Microsoft.AspNetCore.Builder.ControllerEndpointRouteBuilderExtensions.GetOrCreateDataSource(IEndpointRouteBuilder endpoints)
   at Microsoft.AspNetCore.Builder.ControllerEndpointRouteBuilderExtensions.MapDynamicControllerRoute[TTransformer](IEndpointRouteBuilder endpoints, String pattern, Object state)
   at OrchardCore.HomeRoute.Startup.Configure(IApplicationBuilder app, IEndpointRouteBuilder routes, IServiceProvider serviceProvider)
   at OrchardCore.Modules.ShellPipelineExtensions.ConfigurePipelineAsync(ApplicationBuilder builder)
   at OrchardCore.Modules.ShellPipelineExtensions.BuildPipelineInternalAsync(ShellContext context)
   at OrchardCore.Modules.ShellPipelineExtensions.BuildPipelineAsync(ShellContext context)
   at OrchardCore.Modules.ModularTenantRouterMiddleware.Invoke(HttpContext httpContext)
   at OrchardCore.Modules.ModularTenantContainerMiddleware.<>c__DisplayClass4_0.<<Invoke>b__0>d.MoveNext()
--- End of stack trace from previous location ---
   at OrchardCore.Environment.Shell.Scope.ShellScope.UsingAsync(Func`2 execute, Boolean activateShell)
   at OrchardCore.Environment.Shell.Scope.ShellScope.UsingAsync(Func`2 execute, Boolean activateShell)
   at OrchardCore.Environment.Shell.Scope.ShellScope.UsingAsync(Func`2 execute, Boolean activateShell)
   at OrchardCore.Environment.Shell.Scope.ShellScope.UsingAsync(Func`2 execute, Boolean activateShell)
   at OrchardCore.Environment.Shell.Scope.ShellScope.UsingAsync(Func`2 execute, Boolean activateShell)
   at OrchardCore.Modules.ModularTenantContainerMiddleware.Invoke(HttpContext httpContext)
   at Microsoft.AspNetCore.Authentication.AuthenticationMiddleware.Invoke(HttpContext context)
   at Microsoft.AspNetCore.Diagnostics.DeveloperExceptionPageMiddlewareImpl.Invoke(HttpContext context)
2025-11-22 17:04:55.8834|Default|00-de778ef76c9afc1621cd35becc81d83e-872d7789465023fb-00|1|Microsoft.AspNetCore.Diagnostics.DeveloperExceptionPageMiddleware|ERROR|An unhandled exception has occurred while executing the request. System.ArgumentException: An item with the same key has already been added. Key: area
   at System.Collections.Generic.Dictionary`2.TryInsert(TKey key, TValue value, InsertionBehavior behavior)
   at System.Collections.Generic.Dictionary`2.Add(TKey key, TValue value)
   at OrchardCore.Mvc.ModularApplicationModelProvider.OnProvidersExecuted(ApplicationModelProviderContext context)
   at Microsoft.AspNetCore.Mvc.ApplicationModels.ApplicationModelFactory.CreateApplicationModel(IEnumerable`1 controllerTypes)
   at Microsoft.AspNetCore.Mvc.ApplicationModels.ControllerActionDescriptorProvider.GetDescriptors()
   at Microsoft.AspNetCore.Mvc.ApplicationModels.ControllerActionDescriptorProvider.OnProvidersExecuting(ActionDescriptorProviderContext context)
   at Microsoft.AspNetCore.Mvc.Infrastructure.DefaultActionDescriptorCollectionProvider.UpdateCollection()
   at Microsoft.AspNetCore.Mvc.Infrastructure.DefaultActionDescriptorCollectionProvider.Initialize()
   at Microsoft.AspNetCore.Mvc.Infrastructure.DefaultActionDescriptorCollectionProvider.GetChangeToken()
   at Microsoft.Extensions.Primitives.ChangeToken.ChangeTokenRegistration`1..ctor(Func`1 changeTokenProducer, Action`1 changeTokenConsumer, TState state)
   at Microsoft.Extensions.Primitives.ChangeToken.OnChange(Func`1 changeTokenProducer, Action changeTokenConsumer)
   at Microsoft.AspNetCore.Mvc.Routing.ActionEndpointDataSourceBase.Subscribe()
   at Microsoft.AspNetCore.Builder.ControllerEndpointRouteBuilderExtensions.GetOrCreateDataSource(IEndpointRouteBuilder endpoints)
   at Microsoft.AspNetCore.Builder.ControllerEndpointRouteBuilderExtensions.MapDynamicControllerRoute[TTransformer](IEndpointRouteBuilder endpoints, String pattern, Object state)
   at OrchardCore.HomeRoute.Startup.Configure(IApplicationBuilder app, IEndpointRouteBuilder routes, IServiceProvider serviceProvider)
   at OrchardCore.Modules.ShellPipelineExtensions.ConfigurePipelineAsync(ApplicationBuilder builder)
   at OrchardCore.Modules.ShellPipelineExtensions.BuildPipelineInternalAsync(ShellContext context)
   at OrchardCore.Modules.ShellPipelineExtensions.BuildPipelineAsync(ShellContext context)
   at OrchardCore.Modules.ModularTenantRouterMiddleware.Invoke(HttpContext httpContext)
   at OrchardCore.Modules.ModularTenantContainerMiddleware.<>c__DisplayClass4_0.<<Invoke>b__0>d.MoveNext()
--- End of stack trace from previous location ---
   at OrchardCore.Environment.Shell.Scope.ShellScope.UsingAsync(Func`2 execute, Boolean activateShell)
   at OrchardCore.Environment.Shell.Scope.ShellScope.UsingAsync(Func`2 execute, Boolean activateShell)
   at OrchardCore.Environment.Shell.Scope.ShellScope.UsingAsync(Func`2 execute, Boolean activateShell)
   at OrchardCore.Environment.Shell.Scope.ShellScope.UsingAsync(Func`2 execute, Boolean activateShell)
   at OrchardCore.Environment.Shell.Scope.ShellScope.UsingAsync(Func`2 execute, Boolean activateShell)
   at OrchardCore.Modules.ModularTenantContainerMiddleware.Invoke(HttpContext httpContext)
   at Microsoft.AspNetCore.Authentication.AuthenticationMiddleware.Invoke(HttpContext context)
   at Microsoft.AspNetCore.Diagnostics.DeveloperExceptionPageMiddlewareImpl.Invoke(HttpContext context)    at System.Collections.Generic.Dictionary`2.TryInsert(TKey key, TValue value, InsertionBehavior behavior)
   at System.Collections.Generic.Dictionary`2.Add(TKey key, TValue value)
   at OrchardCore.Mvc.ModularApplicationModelProvider.OnProvidersExecuted(ApplicationModelProviderContext context)
   at Microsoft.AspNetCore.Mvc.ApplicationModels.ApplicationModelFactory.CreateApplicationModel(IEnumerable`1 controllerTypes)
   at Microsoft.AspNetCore.Mvc.ApplicationModels.ControllerActionDescriptorProvider.GetDescriptors()
   at Microsoft.AspNetCore.Mvc.ApplicationModels.ControllerActionDescriptorProvider.OnProvidersExecuting(ActionDescriptorProviderContext context)
   at Microsoft.AspNetCore.Mvc.Infrastructure.DefaultActionDescriptorCollectionProvider.UpdateCollection()
   at Microsoft.AspNetCore.Mvc.Infrastructure.DefaultActionDescriptorCollectionProvider.Initialize()
   at Microsoft.AspNetCore.Mvc.Infrastructure.DefaultActionDescriptorCollectionProvider.GetChangeToken()
   at Microsoft.Extensions.Primitives.ChangeToken.ChangeTokenRegistration`1..ctor(Func`1 changeTokenProducer, Action`1 changeTokenConsumer, TState state)
   at Microsoft.Extensions.Primitives.ChangeToken.OnChange(Func`1 changeTokenProducer, Action changeTokenConsumer)
   at Microsoft.AspNetCore.Mvc.Routing.ActionEndpointDataSourceBase.Subscribe()
   at Microsoft.AspNetCore.Builder.ControllerEndpointRouteBuilderExtensions.GetOrCreateDataSource(IEndpointRouteBuilder endpoints)
   at Microsoft.AspNetCore.Builder.ControllerEndpointRouteBuilderExtensions.MapDynamicControllerRoute[TTransformer](IEndpointRouteBuilder endpoints, String pattern, Object state)
   at OrchardCore.HomeRoute.Startup.Configure(IApplicationBuilder app, IEndpointRouteBuilder routes, IServiceProvider serviceProvider)
   at OrchardCore.Modules.ShellPipelineExtensions.ConfigurePipelineAsync(ApplicationBuilder builder)
   at OrchardCore.Modules.ShellPipelineExtensions.BuildPipelineInternalAsync(ShellContext context)
   at OrchardCore.Modules.ShellPipelineExtensions.BuildPipelineAsync(ShellContext context)
   at OrchardCore.Modules.ModularTenantRouterMiddleware.Invoke(HttpContext httpContext)
   at OrchardCore.Modules.ModularTenantContainerMiddleware.<>c__DisplayClass4_0.<<Invoke>b__0>d.MoveNext()
--- End of stack trace from previous location ---
   at OrchardCore.Environment.Shell.Scope.ShellScope.UsingAsync(Func`2 execute, Boolean activateShell)
   at OrchardCore.Environment.Shell.Scope.ShellScope.UsingAsync(Func`2 execute, Boolean activateShell)
   at OrchardCore.Environment.Shell.Scope.ShellScope.UsingAsync(Func`2 execute, Boolean activateShell)
   at OrchardCore.Environment.Shell.Scope.ShellScope.UsingAsync(Func`2 execute, Boolean activateShell)
   at OrchardCore.Environment.Shell.Scope.ShellScope.UsingAsync(Func`2 execute, Boolean activateShell)
   at OrchardCore.Modules.ModularTenantContainerMiddleware.Invoke(HttpContext httpContext)
   at Microsoft.AspNetCore.Authentication.AuthenticationMiddleware.Invoke(HttpContext context)
   at Microsoft.AspNetCore.Diagnostics.DeveloperExceptionPageMiddlewareImpl.Invoke(HttpContext context)
2025-11-22 17:06:17.3853||||Microsoft.Hosting.Lifetime|INFO|Application is shutting down... 
2025-11-22 17:06:40.7754|||8|Microsoft.AspNetCore.Server.Kestrel.Core.KestrelServer|WARN|The ASP.NET Core developer certificate is not trusted. For information about trusting the ASP.NET Core developer certificate, see https://aka.ms/aspnet/https-trust-dev-cert. 
2025-11-22 17:06:40.8156|||14|Microsoft.Hosting.Lifetime|INFO|Now listening on: https://localhost:5001 
2025-11-22 17:06:40.8156|||14|Microsoft.Hosting.Lifetime|INFO|Now listening on: http://localhost:5000 
2025-11-22 17:06:40.8156||||Microsoft.Hosting.Lifetime|INFO|Application started. Press Ctrl+C to shut down. 
2025-11-22 17:06:40.8156||||Microsoft.Hosting.Lifetime|INFO|Hosting environment: Development 
2025-11-22 17:06:40.8156||||Microsoft.Hosting.Lifetime|INFO|Content root path: D:\GitHub\Orchard CMS\RoommateManager\RoommateManager.Web 
2025-11-22 17:08:43.5767||||Microsoft.Hosting.Lifetime|INFO|Application is shutting down... 
2025-11-22 17:12:03.3823|||8|Microsoft.AspNetCore.Server.Kestrel.Core.KestrelServer|WARN|The ASP.NET Core developer certificate is not trusted. For information about trusting the ASP.NET Core developer certificate, see https://aka.ms/aspnet/https-trust-dev-cert. 
2025-11-22 17:12:03.4246|||14|Microsoft.Hosting.Lifetime|INFO|Now listening on: https://localhost:5001 
2025-11-22 17:12:03.4246|||14|Microsoft.Hosting.Lifetime|INFO|Now listening on: http://localhost:5000 
2025-11-22 17:12:03.4246||||Microsoft.Hosting.Lifetime|INFO|Application started. Press Ctrl+C to shut down. 
2025-11-22 17:12:03.4246||||Microsoft.Hosting.Lifetime|INFO|Hosting environment: Development 
2025-11-22 17:12:03.4246||||Microsoft.Hosting.Lifetime|INFO|Content root path: D:\GitHub\Orchard CMS\RoommateManager\RoommateManager.Web 
2025-11-22 17:22:10.9745||||Microsoft.Hosting.Lifetime|INFO|Application is shutting down... 
2025-11-22 17:22:44.0594|||8|Microsoft.AspNetCore.Server.Kestrel.Core.KestrelServer|WARN|The ASP.NET Core developer certificate is not trusted. For information about trusting the ASP.NET Core developer certificate, see https://aka.ms/aspnet/https-trust-dev-cert. 
2025-11-22 17:22:44.1014|||14|Microsoft.Hosting.Lifetime|INFO|Now listening on: https://localhost:5001 
2025-11-22 17:22:44.1014|||14|Microsoft.Hosting.Lifetime|INFO|Now listening on: http://localhost:5000 
2025-11-22 17:22:44.1014||||Microsoft.Hosting.Lifetime|INFO|Application started. Press Ctrl+C to shut down. 
2025-11-22 17:22:44.1014||||Microsoft.Hosting.Lifetime|INFO|Hosting environment: Development 
2025-11-22 17:22:44.1014||||Microsoft.Hosting.Lifetime|INFO|Content root path: D:\GitHub\Orchard CMS\RoommateManager\RoommateManager.Web 
2025-11-22 17:24:48.2388||||Microsoft.Hosting.Lifetime|INFO|Application is shutting down... 
2025-11-22 17:26:33.3357|||8|Microsoft.AspNetCore.Server.Kestrel.Core.KestrelServer|WARN|The ASP.NET Core developer certificate is not trusted. For information about trusting the ASP.NET Core developer certificate, see https://aka.ms/aspnet/https-trust-dev-cert. 
2025-11-22 17:26:33.3761|||14|Microsoft.Hosting.Lifetime|INFO|Now listening on: https://localhost:5001 
2025-11-22 17:26:33.3782|||14|Microsoft.Hosting.Lifetime|INFO|Now listening on: http://localhost:5000 
2025-11-22 17:26:33.3782||||Microsoft.Hosting.Lifetime|INFO|Application started. Press Ctrl+C to shut down. 
2025-11-22 17:26:33.3782||||Microsoft.Hosting.Lifetime|INFO|Hosting environment: Development 
2025-11-22 17:26:33.3782||||Microsoft.Hosting.Lifetime|INFO|Content root path: D:\GitHub\Orchard CMS\RoommateManager\RoommateManager.Web 
2025-11-22 17:33:10.0941||||Microsoft.Hosting.Lifetime|INFO|Application is shutting down... 
2025-11-22 17:33:38.5833|||8|Microsoft.AspNetCore.Server.Kestrel.Core.KestrelServer|WARN|The ASP.NET Core developer certificate is not trusted. For information about trusting the ASP.NET Core developer certificate, see https://aka.ms/aspnet/https-trust-dev-cert. 
2025-11-22 17:33:38.6291|||14|Microsoft.Hosting.Lifetime|INFO|Now listening on: https://localhost:5001 
2025-11-22 17:33:38.6291|||14|Microsoft.Hosting.Lifetime|INFO|Now listening on: http://localhost:5000 
2025-11-22 17:33:38.6291||||Microsoft.Hosting.Lifetime|INFO|Application started. Press Ctrl+C to shut down. 
2025-11-22 17:33:38.6291||||Microsoft.Hosting.Lifetime|INFO|Hosting environment: Development 
2025-11-22 17:33:38.6352||||Microsoft.Hosting.Lifetime|INFO|Content root path: D:\GitHub\Orchard CMS\RoommateManager\RoommateManager.Web 
2025-11-22 17:40:44.3247||||Microsoft.Hosting.Lifetime|INFO|Application is shutting down... 
2025-11-22 17:41:07.9340|||8|Microsoft.AspNetCore.Server.Kestrel.Core.KestrelServer|WARN|The ASP.NET Core developer certificate is not trusted. For information about trusting the ASP.NET Core developer certificate, see https://aka.ms/aspnet/https-trust-dev-cert. 
2025-11-22 17:41:07.9747|||14|Microsoft.Hosting.Lifetime|INFO|Now listening on: https://localhost:5001 
2025-11-22 17:41:07.9747|||14|Microsoft.Hosting.Lifetime|INFO|Now listening on: http://localhost:5000 
2025-11-22 17:41:07.9747||||Microsoft.Hosting.Lifetime|INFO|Application started. Press Ctrl+C to shut down. 
2025-11-22 17:41:07.9747||||Microsoft.Hosting.Lifetime|INFO|Hosting environment: Development 
2025-11-22 17:41:07.9747||||Microsoft.Hosting.Lifetime|INFO|Content root path: D:\GitHub\Orchard CMS\RoommateManager\RoommateManager.Web 
2025-11-22 17:52:26.5883||||Microsoft.Hosting.Lifetime|INFO|Application is shutting down... 
2025-11-22 17:53:08.5470|||8|Microsoft.AspNetCore.Server.Kestrel.Core.KestrelServer|WARN|The ASP.NET Core developer certificate is not trusted. For information about trusting the ASP.NET Core developer certificate, see https://aka.ms/aspnet/https-trust-dev-cert. 
2025-11-22 17:53:08.6004|||14|Microsoft.Hosting.Lifetime|INFO|Now listening on: https://localhost:5001 
2025-11-22 17:53:08.6004|||14|Microsoft.Hosting.Lifetime|INFO|Now listening on: http://localhost:5000 
2025-11-22 17:53:08.6004||||Microsoft.Hosting.Lifetime|INFO|Application started. Press Ctrl+C to shut down. 
2025-11-22 17:53:08.6004||||Microsoft.Hosting.Lifetime|INFO|Hosting environment: Development 
2025-11-22 17:53:08.6004||||Microsoft.Hosting.Lifetime|INFO|Content root path: D:\GitHub\Orchard CMS\RoommateManager\RoommateManager.Web 
2025-11-22 17:55:16.2676||||Microsoft.Hosting.Lifetime|INFO|Application is shutting down... 
2025-11-22 17:55:39.2407|||8|Microsoft.AspNetCore.Server.Kestrel.Core.KestrelServer|WARN|The ASP.NET Core developer certificate is not trusted. For information about trusting the ASP.NET Core developer certificate, see https://aka.ms/aspnet/https-trust-dev-cert. 
2025-11-22 17:55:39.2816|||14|Microsoft.Hosting.Lifetime|INFO|Now listening on: https://localhost:5001 
2025-11-22 17:55:39.2816|||14|Microsoft.Hosting.Lifetime|INFO|Now listening on: http://localhost:5000 
2025-11-22 17:55:39.2816||||Microsoft.Hosting.Lifetime|INFO|Application started. Press Ctrl+C to shut down. 
2025-11-22 17:55:39.2816||||Microsoft.Hosting.Lifetime|INFO|Hosting environment: Development 
2025-11-22 17:55:39.2816||||Microsoft.Hosting.Lifetime|INFO|Content root path: D:\GitHub\Orchard CMS\RoommateManager\RoommateManager.Web 
2025-11-22 18:00:55.3314||||Microsoft.Hosting.Lifetime|INFO|Application is shutting down... 
2025-11-22 18:01:26.1939|||8|Microsoft.AspNetCore.Server.Kestrel.Core.KestrelServer|WARN|The ASP.NET Core developer certificate is not trusted. For information about trusting the ASP.NET Core developer certificate, see https://aka.ms/aspnet/https-trust-dev-cert. 
2025-11-22 18:01:26.2359|||14|Microsoft.Hosting.Lifetime|INFO|Now listening on: https://localhost:5001 
2025-11-22 18:01:26.2359|||14|Microsoft.Hosting.Lifetime|INFO|Now listening on: http://localhost:5000 
2025-11-22 18:01:26.2359||||Microsoft.Hosting.Lifetime|INFO|Application started. Press Ctrl+C to shut down. 
2025-11-22 18:01:26.2359||||Microsoft.Hosting.Lifetime|INFO|Hosting environment: Development 
2025-11-22 18:01:26.2359||||Microsoft.Hosting.Lifetime|INFO|Content root path: D:\GitHub\Orchard CMS\RoommateManager\RoommateManager.Web 
2025-11-22 18:03:09.4345||||Microsoft.Hosting.Lifetime|INFO|Application is shutting down... 
2025-11-22 18:04:32.2578|||8|Microsoft.AspNetCore.Server.Kestrel.Core.KestrelServer|WARN|The ASP.NET Core developer certificate is not trusted. For information about trusting the ASP.NET Core developer certificate, see https://aka.ms/aspnet/https-trust-dev-cert. 
2025-11-22 18:04:32.2993|||14|Microsoft.Hosting.Lifetime|INFO|Now listening on: https://localhost:5001 
2025-11-22 18:04:32.2993|||14|Microsoft.Hosting.Lifetime|INFO|Now listening on: http://localhost:5000 
2025-11-22 18:04:32.2993||||Microsoft.Hosting.Lifetime|INFO|Application started. Press Ctrl+C to shut down. 
2025-11-22 18:04:32.2993||||Microsoft.Hosting.Lifetime|INFO|Hosting environment: Development 
2025-11-22 18:04:32.2993||||Microsoft.Hosting.Lifetime|INFO|Content root path: D:\GitHub\Orchard CMS\RoommateManager\RoommateManager.Web 
