2025-11-23 14:19:42.4992|||8|Microsoft.AspNetCore.Server.Kestrel.Core.KestrelServer|WARN|The ASP.NET Core developer certificate is not trusted. For information about trusting the ASP.NET Core developer certificate, see https://aka.ms/aspnet/https-trust-dev-cert. 
2025-11-23 14:19:42.5524|||14|Microsoft.Hosting.Lifetime|INFO|Now listening on: https://localhost:5001 
2025-11-23 14:19:42.5524|||14|Microsoft.Hosting.Lifetime|INFO|Now listening on: http://localhost:5000 
2025-11-23 14:19:42.5567||||Microsoft.Hosting.Lifetime|INFO|Application started. Press Ctrl+C to shut down. 
2025-11-23 14:19:42.5567||||Microsoft.Hosting.Lifetime|INFO|Hosting environment: Development 
2025-11-23 14:19:42.5567||||Microsoft.Hosting.Lifetime|INFO|Content root path: D:\GitHub\Orchard CMS\RoommateManager\RoommateManager.Web 
2025-11-23 14:23:53.5101||||Microsoft.Hosting.Lifetime|INFO|Application is shutting down... 
2025-11-23 14:24:41.2178|||8|Microsoft.AspNetCore.Server.Kestrel.Core.KestrelServer|WARN|The ASP.NET Core developer certificate is not trusted. For information about trusting the ASP.NET Core developer certificate, see https://aka.ms/aspnet/https-trust-dev-cert. 
2025-11-23 14:24:41.2611|||14|Microsoft.Hosting.Lifetime|INFO|Now listening on: https://localhost:5001 
2025-11-23 14:24:41.2611|||14|Microsoft.Hosting.Lifetime|INFO|Now listening on: http://localhost:5000 
2025-11-23 14:24:41.2611||||Microsoft.Hosting.Lifetime|INFO|Application started. Press Ctrl+C to shut down. 
2025-11-23 14:24:41.2611||||Microsoft.Hosting.Lifetime|INFO|Hosting environment: Development 
2025-11-23 14:24:41.2611||||Microsoft.Hosting.Lifetime|INFO|Content root path: D:\GitHub\Orchard CMS\RoommateManager\RoommateManager.Web 
2025-11-23 14:31:14.2452||||Microsoft.Hosting.Lifetime|INFO|Application is shutting down... 
2025-11-23 14:31:35.5677|||8|Microsoft.AspNetCore.Server.Kestrel.Core.KestrelServer|WARN|The ASP.NET Core developer certificate is not trusted. For information about trusting the ASP.NET Core developer certificate, see https://aka.ms/aspnet/https-trust-dev-cert. 
2025-11-23 14:31:35.6101|||14|Microsoft.Hosting.Lifetime|INFO|Now listening on: https://localhost:5001 
2025-11-23 14:31:35.6101|||14|Microsoft.Hosting.Lifetime|INFO|Now listening on: http://localhost:5000 
2025-11-23 14:31:35.6101||||Microsoft.Hosting.Lifetime|INFO|Application started. Press Ctrl+C to shut down. 
2025-11-23 14:31:35.6101||||Microsoft.Hosting.Lifetime|INFO|Hosting environment: Development 
2025-11-23 14:31:35.6101||||Microsoft.Hosting.Lifetime|INFO|Content root path: D:\GitHub\Orchard CMS\RoommateManager\RoommateManager.Web 
2025-11-23 14:41:02.9712||||Microsoft.Hosting.Lifetime|INFO|Application is shutting down... 
2025-11-23 14:41:25.9850|||8|Microsoft.AspNetCore.Server.Kestrel.Core.KestrelServer|WARN|The ASP.NET Core developer certificate is not trusted. For information about trusting the ASP.NET Core developer certificate, see https://aka.ms/aspnet/https-trust-dev-cert. 
2025-11-23 14:41:26.0353|||14|Microsoft.Hosting.Lifetime|INFO|Now listening on: https://localhost:5001 
2025-11-23 14:41:26.0353|||14|Microsoft.Hosting.Lifetime|INFO|Now listening on: http://localhost:5000 
2025-11-23 14:41:26.0353||||Microsoft.Hosting.Lifetime|INFO|Application started. Press Ctrl+C to shut down. 
2025-11-23 14:41:26.0353||||Microsoft.Hosting.Lifetime|INFO|Hosting environment: Development 
2025-11-23 14:41:26.0353||||Microsoft.Hosting.Lifetime|INFO|Content root path: D:\GitHub\Orchard CMS\RoommateManager\RoommateManager.Web 
2025-11-23 14:42:34.9229||||Microsoft.Hosting.Lifetime|INFO|Application is shutting down... 
2025-11-23 14:45:34.1000|||8|Microsoft.AspNetCore.Server.Kestrel.Core.KestrelServer|WARN|The ASP.NET Core developer certificate is not trusted. For information about trusting the ASP.NET Core developer certificate, see https://aka.ms/aspnet/https-trust-dev-cert. 
2025-11-23 14:45:34.1404|||14|Microsoft.Hosting.Lifetime|INFO|Now listening on: https://localhost:5001 
2025-11-23 14:45:34.1404|||14|Microsoft.Hosting.Lifetime|INFO|Now listening on: http://localhost:5000 
2025-11-23 14:45:34.1404||||Microsoft.Hosting.Lifetime|INFO|Application started. Press Ctrl+C to shut down. 
2025-11-23 14:45:34.1404||||Microsoft.Hosting.Lifetime|INFO|Hosting environment: Development 
2025-11-23 14:45:34.1404||||Microsoft.Hosting.Lifetime|INFO|Content root path: D:\GitHub\Orchard CMS\RoommateManager\RoommateManager.Web 
2025-11-23 15:05:09.5771||||Microsoft.Hosting.Lifetime|INFO|Application is shutting down... 
2025-11-23 15:05:39.9091|||8|Microsoft.AspNetCore.Server.Kestrel.Core.KestrelServer|WARN|The ASP.NET Core developer certificate is not trusted. For information about trusting the ASP.NET Core developer certificate, see https://aka.ms/aspnet/https-trust-dev-cert. 
2025-11-23 15:05:39.9483|||14|Microsoft.Hosting.Lifetime|INFO|Now listening on: https://localhost:5001 
2025-11-23 15:05:39.9483|||14|Microsoft.Hosting.Lifetime|INFO|Now listening on: http://localhost:5000 
2025-11-23 15:05:39.9483||||Microsoft.Hosting.Lifetime|INFO|Application started. Press Ctrl+C to shut down. 
2025-11-23 15:05:39.9483||||Microsoft.Hosting.Lifetime|INFO|Hosting environment: Development 
2025-11-23 15:05:39.9483||||Microsoft.Hosting.Lifetime|INFO|Content root path: D:\GitHub\Orchard CMS\RoommateManager\RoommateManager.Web 
2025-11-23 15:10:27.1998||||Microsoft.Hosting.Lifetime|INFO|Application is shutting down... 
2025-11-23 15:10:52.8555|||8|Microsoft.AspNetCore.Server.Kestrel.Core.KestrelServer|WARN|The ASP.NET Core developer certificate is not trusted. For information about trusting the ASP.NET Core developer certificate, see https://aka.ms/aspnet/https-trust-dev-cert. 
2025-11-23 15:10:52.8963|||14|Microsoft.Hosting.Lifetime|INFO|Now listening on: https://localhost:5001 
2025-11-23 15:10:52.8963|||14|Microsoft.Hosting.Lifetime|INFO|Now listening on: http://localhost:5000 
2025-11-23 15:10:52.8963||||Microsoft.Hosting.Lifetime|INFO|Application started. Press Ctrl+C to shut down. 
2025-11-23 15:10:52.9014||||Microsoft.Hosting.Lifetime|INFO|Hosting environment: Development 
2025-11-23 15:10:52.9014||||Microsoft.Hosting.Lifetime|INFO|Content root path: D:\GitHub\Orchard CMS\RoommateManager\RoommateManager.Web 
2025-11-23 15:17:35.5833||||Microsoft.Hosting.Lifetime|INFO|Application is shutting down... 
2025-11-23 15:18:05.5019|||8|Microsoft.AspNetCore.Server.Kestrel.Core.KestrelServer|WARN|The ASP.NET Core developer certificate is not trusted. For information about trusting the ASP.NET Core developer certificate, see https://aka.ms/aspnet/https-trust-dev-cert. 
2025-11-23 15:18:05.5517|||14|Microsoft.Hosting.Lifetime|INFO|Now listening on: https://localhost:5001 
2025-11-23 15:18:05.5517|||14|Microsoft.Hosting.Lifetime|INFO|Now listening on: http://localhost:5000 
2025-11-23 15:18:05.5566||||Microsoft.Hosting.Lifetime|INFO|Application started. Press Ctrl+C to shut down. 
2025-11-23 15:18:05.5566||||Microsoft.Hosting.Lifetime|INFO|Hosting environment: Development 
2025-11-23 15:18:05.5566||||Microsoft.Hosting.Lifetime|INFO|Content root path: D:\GitHub\Orchard CMS\RoommateManager\RoommateManager.Web 
2025-11-23 15:28:48.9420||||Microsoft.Hosting.Lifetime|INFO|Application is shutting down... 
2025-11-23 15:29:14.1545|||8|Microsoft.AspNetCore.Server.Kestrel.Core.KestrelServer|WARN|The ASP.NET Core developer certificate is not trusted. For information about trusting the ASP.NET Core developer certificate, see https://aka.ms/aspnet/https-trust-dev-cert. 
2025-11-23 15:29:14.1944|||14|Microsoft.Hosting.Lifetime|INFO|Now listening on: https://localhost:5001 
2025-11-23 15:29:14.1944|||14|Microsoft.Hosting.Lifetime|INFO|Now listening on: http://localhost:5000 
2025-11-23 15:29:14.1944||||Microsoft.Hosting.Lifetime|INFO|Application started. Press Ctrl+C to shut down. 
2025-11-23 15:29:14.1944||||Microsoft.Hosting.Lifetime|INFO|Hosting environment: Development 
2025-11-23 15:29:14.1944||||Microsoft.Hosting.Lifetime|INFO|Content root path: D:\GitHub\Orchard CMS\RoommateManager\RoommateManager.Web 
2025-11-23 15:38:27.4048||||Microsoft.Hosting.Lifetime|INFO|Application is shutting down... 
2025-11-23 15:38:53.0288|||8|Microsoft.AspNetCore.Server.Kestrel.Core.KestrelServer|WARN|The ASP.NET Core developer certificate is not trusted. For information about trusting the ASP.NET Core developer certificate, see https://aka.ms/aspnet/https-trust-dev-cert. 
2025-11-23 15:38:53.0773|||14|Microsoft.Hosting.Lifetime|INFO|Now listening on: https://localhost:5001 
2025-11-23 15:38:53.0773|||14|Microsoft.Hosting.Lifetime|INFO|Now listening on: http://localhost:5000 
2025-11-23 15:38:53.0773||||Microsoft.Hosting.Lifetime|INFO|Application started. Press Ctrl+C to shut down. 
2025-11-23 15:38:53.0773||||Microsoft.Hosting.Lifetime|INFO|Hosting environment: Development 
2025-11-23 15:38:53.0837||||Microsoft.Hosting.Lifetime|INFO|Content root path: D:\GitHub\Orchard CMS\RoommateManager\RoommateManager.Web 
2025-11-23 15:46:54.7005||||Microsoft.Hosting.Lifetime|INFO|Application is shutting down... 
2025-11-23 15:47:19.1221|||8|Microsoft.AspNetCore.Server.Kestrel.Core.KestrelServer|WARN|The ASP.NET Core developer certificate is not trusted. For information about trusting the ASP.NET Core developer certificate, see https://aka.ms/aspnet/https-trust-dev-cert. 
2025-11-23 15:47:19.1693|||14|Microsoft.Hosting.Lifetime|INFO|Now listening on: https://localhost:5001 
2025-11-23 15:47:19.1693|||14|Microsoft.Hosting.Lifetime|INFO|Now listening on: http://localhost:5000 
2025-11-23 15:47:19.1693||||Microsoft.Hosting.Lifetime|INFO|Application started. Press Ctrl+C to shut down. 
2025-11-23 15:47:19.1693||||Microsoft.Hosting.Lifetime|INFO|Hosting environment: Development 
2025-11-23 15:47:19.1693||||Microsoft.Hosting.Lifetime|INFO|Content root path: D:\GitHub\Orchard CMS\RoommateManager\RoommateManager.Web 
2025-11-23 15:50:59.8839||||Microsoft.Hosting.Lifetime|INFO|Application is shutting down... 
2025-11-23 15:51:23.0356|||8|Microsoft.AspNetCore.Server.Kestrel.Core.KestrelServer|WARN|The ASP.NET Core developer certificate is not trusted. For information about trusting the ASP.NET Core developer certificate, see https://aka.ms/aspnet/https-trust-dev-cert. 
2025-11-23 15:51:23.0934|||14|Microsoft.Hosting.Lifetime|INFO|Now listening on: https://localhost:5001 
2025-11-23 15:51:23.0934|||14|Microsoft.Hosting.Lifetime|INFO|Now listening on: http://localhost:5000 
2025-11-23 15:51:23.0934||||Microsoft.Hosting.Lifetime|INFO|Application started. Press Ctrl+C to shut down. 
2025-11-23 15:51:23.0934||||Microsoft.Hosting.Lifetime|INFO|Hosting environment: Development 
2025-11-23 15:51:23.0934||||Microsoft.Hosting.Lifetime|INFO|Content root path: D:\GitHub\Orchard CMS\RoommateManager\RoommateManager.Web 
2025-11-23 16:21:34.6560||||Microsoft.Hosting.Lifetime|INFO|Application is shutting down... 
2025-11-23 16:22:02.7308|||8|Microsoft.AspNetCore.Server.Kestrel.Core.KestrelServer|WARN|The ASP.NET Core developer certificate is not trusted. For information about trusting the ASP.NET Core developer certificate, see https://aka.ms/aspnet/https-trust-dev-cert. 
2025-11-23 16:22:02.7702|||14|Microsoft.Hosting.Lifetime|INFO|Now listening on: https://localhost:5001 
2025-11-23 16:22:02.7702|||14|Microsoft.Hosting.Lifetime|INFO|Now listening on: http://localhost:5000 
2025-11-23 16:22:02.7702||||Microsoft.Hosting.Lifetime|INFO|Application started. Press Ctrl+C to shut down. 
2025-11-23 16:22:02.7702||||Microsoft.Hosting.Lifetime|INFO|Hosting environment: Development 
2025-11-23 16:22:02.7702||||Microsoft.Hosting.Lifetime|INFO|Content root path: D:\GitHub\Orchard CMS\RoommateManager\RoommateManager.Web 
2025-11-23 16:22:39.7838|Default|00-11e150ee3368edbca3eea31ac41f5282-ad50bafceb39ce88-00|1|Microsoft.AspNetCore.Diagnostics.DeveloperExceptionPageMiddleware|ERROR|An unhandled exception has occurred while executing the request. System.InvalidOperationException: The layout view 'Layout' could not be located. The following locations were searched:
/Areas/RoommateManager.Web/Views/RoommateManager.Module/Grocery/Layout.cshtml
/Areas/RoommateManager.Web/Views/RoommateManager.Module/Shared/Layout.cshtml
/Areas/RoommateManager.Web/Views/Shared/Layout.cshtml
/Areas/TheAgencyTheme/Views/RoommateManager.Module/Grocery/Layout.cshtml
/Areas/TheAgencyTheme/Views/RoommateManager.Module/Shared/Layout.cshtml
/Areas/TheAgencyTheme/Views/Shared/Layout.cshtml
/Areas/OrchardCore.Roles/Views/Shared/Layout.cshtml
/Areas/OrchardCore.Placements/Views/Shared/Layout.cshtml
/Areas/OrchardCore.Media/Views/Shared/Layout.cshtml
/Areas/OrchardCore.Rules/Views/Shared/Layout.cshtml
/Areas/OrchardCore.ContentTypes/Views/Shared/Layout.cshtml
/Areas/OrchardCore.Contents/Views/Shared/Layout.cshtml
/Areas/OrchardCore.Settings/Views/Shared/Layout.cshtml
/Areas/RoommateManager.Module/Views/Grocery/Layout.en-US.cshtml
/Areas/RoommateManager.Module/Views/Grocery/Layout.en.cshtml
/Areas/RoommateManager.Module/Views/Grocery/Layout.cshtml
/Areas/RoommateManager.Module/Views/Shared/Layout.en-US.cshtml
/Areas/RoommateManager.Module/Views/Shared/Layout.en.cshtml
/Areas/RoommateManager.Module/Views/Shared/Layout.cshtml
/Views/Shared/Layout.en-US.cshtml
/Views/Shared/Layout.en.cshtml
/Views/Shared/Layout.cshtml
/Pages/Shared/Layout.en-US.cshtml
/Pages/Shared/Layout.en.cshtml
/Pages/Shared/Layout.cshtml
   at Microsoft.AspNetCore.Mvc.Razor.RazorView.GetLayoutPage(ViewContext context, String executingFilePath, String layoutPath)
   at Microsoft.AspNetCore.Mvc.Razor.RazorView.RenderLayoutAsync(ViewContext context, ViewBufferTextWriter bodyWriter)
   at Microsoft.AspNetCore.Mvc.Razor.RazorView.RenderAsync(ViewContext context)
   at Microsoft.AspNetCore.Mvc.ViewFeatures.ViewExecutor.ExecuteAsync(ViewContext viewContext, String contentType, Nullable`1 statusCode)
   at Microsoft.AspNetCore.Mvc.ViewFeatures.ViewExecutor.ExecuteAsync(ViewContext viewContext, String contentType, Nullable`1 statusCode)
   at Microsoft.AspNetCore.Mvc.ViewFeatures.ViewExecutor.ExecuteAsync(ActionContext actionContext, IView view, ViewDataDictionary viewData, ITempDataDictionary tempData, String contentType, Nullable`1 statusCode)
   at Microsoft.AspNetCore.Mvc.ViewFeatures.ViewResultExecutor.ExecuteAsync(ActionContext context, ViewResult result)
   at Microsoft.AspNetCore.Mvc.ViewResult.ExecuteResultAsync(ActionContext context)
   at Microsoft.AspNetCore.Mvc.Infrastructure.ResourceInvoker.<InvokeNextResultFilterAsync>g__Awaited|30_0[TFilter,TFilterAsync](ResourceInvoker invoker, Task lastTask, State next, Scope scope, Object state, Boolean isCompleted)
   at Microsoft.AspNetCore.Mvc.Infrastructure.ResourceInvoker.Rethrow(ResultExecutedContextSealed context)
   at Microsoft.AspNetCore.Mvc.Infrastructure.ResourceInvoker.ResultNext[TFilter,TFilterAsync](State& next, Scope& scope, Object& state, Boolean& isCompleted)
   at Microsoft.AspNetCore.Mvc.Infrastructure.ResourceInvoker.InvokeResultFilters()
--- End of stack trace from previous location ---
   at Microsoft.AspNetCore.Mvc.Infrastructure.ResourceInvoker.<InvokeNextResourceFilter>g__Awaited|25_0(ResourceInvoker invoker, Task lastTask, State next, Scope scope, Object state, Boolean isCompleted)
   at Microsoft.AspNetCore.Mvc.Infrastructure.ResourceInvoker.Rethrow(ResourceExecutedContextSealed context)
   at Microsoft.AspNetCore.Mvc.Infrastructure.ResourceInvoker.Next(State& next, Scope& scope, Object& state, Boolean& isCompleted)
   at Microsoft.AspNetCore.Mvc.Infrastructure.ResourceInvoker.InvokeFilterPipelineAsync()
--- End of stack trace from previous location ---
   at Microsoft.AspNetCore.Mvc.Infrastructure.ResourceInvoker.<InvokeAsync>g__Awaited|17_0(ResourceInvoker invoker, Task task, IDisposable scope)
   at Microsoft.AspNetCore.Mvc.Infrastructure.ResourceInvoker.<InvokeAsync>g__Awaited|17_0(ResourceInvoker invoker, Task task, IDisposable scope)
   at SixLabors.ImageSharp.Web.Middleware.ImageSharpMiddleware.Invoke(HttpContext httpContext, Boolean retry)
   at Microsoft.AspNetCore.Authorization.AuthorizationMiddleware.Invoke(HttpContext context)
   at OrchardCore.Liquid.ScriptsMiddleware.Invoke(HttpContext httpContext)
   at Microsoft.AspNetCore.Authentication.AuthenticationMiddleware.Invoke(HttpContext context)
   at OrchardCore.Diagnostics.DiagnosticsStartupFilter.<>c__DisplayClass3_0.<<Configure>b__1>d.MoveNext()
--- End of stack trace from previous location ---
   at Microsoft.AspNetCore.Diagnostics.StatusCodePagesMiddleware.Invoke(HttpContext context)
   at OrchardCore.ContentPreview.PreviewStartupFilter.<>c.<<Configure>b__0_1>d.MoveNext()
--- End of stack trace from previous location ---
   at OrchardCore.Users.Services.ExternalAuthenticationsStartupFilter.<>c.<<Configure>b__0_1>d.MoveNext()
--- End of stack trace from previous location ---
   at OrchardCore.Modules.ModularTenantRouterMiddleware.Invoke(HttpContext httpContext)
   at OrchardCore.Modules.ModularTenantContainerMiddleware.<>c__DisplayClass4_0.<<Invoke>b__0>d.MoveNext()
--- End of stack trace from previous location ---
   at OrchardCore.Environment.Shell.Scope.ShellScope.UsingAsync(Func`2 execute, Boolean activateShell)
   at OrchardCore.Environment.Shell.Scope.ShellScope.UsingAsync(Func`2 execute, Boolean activateShell)
   at OrchardCore.Environment.Shell.Scope.ShellScope.UsingAsync(Func`2 execute, Boolean activateShell)
   at OrchardCore.Environment.Shell.Scope.ShellScope.UsingAsync(Func`2 execute, Boolean activateShell)
   at OrchardCore.Environment.Shell.Scope.ShellScope.UsingAsync(Func`2 execute, Boolean activateShell)
   at OrchardCore.Modules.ModularTenantContainerMiddleware.Invoke(HttpContext httpContext)
   at Microsoft.AspNetCore.Authentication.AuthenticationMiddleware.Invoke(HttpContext context)
   at Microsoft.AspNetCore.Diagnostics.DeveloperExceptionPageMiddlewareImpl.Invoke(HttpContext context)    at Microsoft.AspNetCore.Mvc.Razor.RazorView.GetLayoutPage(ViewContext context, String executingFilePath, String layoutPath)
   at Microsoft.AspNetCore.Mvc.Razor.RazorView.RenderLayoutAsync(ViewContext context, ViewBufferTextWriter bodyWriter)
   at Microsoft.AspNetCore.Mvc.Razor.RazorView.RenderAsync(ViewContext context)
   at Microsoft.AspNetCore.Mvc.ViewFeatures.ViewExecutor.ExecuteAsync(ViewContext viewContext, String contentType, Nullable`1 statusCode)
   at Microsoft.AspNetCore.Mvc.ViewFeatures.ViewExecutor.ExecuteAsync(ViewContext viewContext, String contentType, Nullable`1 statusCode)
   at Microsoft.AspNetCore.Mvc.ViewFeatures.ViewExecutor.ExecuteAsync(ActionContext actionContext, IView view, ViewDataDictionary viewData, ITempDataDictionary tempData, String contentType, Nullable`1 statusCode)
   at Microsoft.AspNetCore.Mvc.ViewFeatures.ViewResultExecutor.ExecuteAsync(ActionContext context, ViewResult result)
   at Microsoft.AspNetCore.Mvc.ViewResult.ExecuteResultAsync(ActionContext context)
   at Microsoft.AspNetCore.Mvc.Infrastructure.ResourceInvoker.<InvokeNextResultFilterAsync>g__Awaited|30_0[TFilter,TFilterAsync](ResourceInvoker invoker, Task lastTask, State next, Scope scope, Object state, Boolean isCompleted)
   at Microsoft.AspNetCore.Mvc.Infrastructure.ResourceInvoker.Rethrow(ResultExecutedContextSealed context)
   at Microsoft.AspNetCore.Mvc.Infrastructure.ResourceInvoker.ResultNext[TFilter,TFilterAsync](State& next, Scope& scope, Object& state, Boolean& isCompleted)
   at Microsoft.AspNetCore.Mvc.Infrastructure.ResourceInvoker.InvokeResultFilters()
--- End of stack trace from previous location ---
   at Microsoft.AspNetCore.Mvc.Infrastructure.ResourceInvoker.<InvokeNextResourceFilter>g__Awaited|25_0(ResourceInvoker invoker, Task lastTask, State next, Scope scope, Object state, Boolean isCompleted)
   at Microsoft.AspNetCore.Mvc.Infrastructure.ResourceInvoker.Rethrow(ResourceExecutedContextSealed context)
   at Microsoft.AspNetCore.Mvc.Infrastructure.ResourceInvoker.Next(State& next, Scope& scope, Object& state, Boolean& isCompleted)
   at Microsoft.AspNetCore.Mvc.Infrastructure.ResourceInvoker.InvokeFilterPipelineAsync()
--- End of stack trace from previous location ---
   at Microsoft.AspNetCore.Mvc.Infrastructure.ResourceInvoker.<InvokeAsync>g__Awaited|17_0(ResourceInvoker invoker, Task task, IDisposable scope)
   at Microsoft.AspNetCore.Mvc.Infrastructure.ResourceInvoker.<InvokeAsync>g__Awaited|17_0(ResourceInvoker invoker, Task task, IDisposable scope)
   at SixLabors.ImageSharp.Web.Middleware.ImageSharpMiddleware.Invoke(HttpContext httpContext, Boolean retry)
   at Microsoft.AspNetCore.Authorization.AuthorizationMiddleware.Invoke(HttpContext context)
   at OrchardCore.Liquid.ScriptsMiddleware.Invoke(HttpContext httpContext)
   at Microsoft.AspNetCore.Authentication.AuthenticationMiddleware.Invoke(HttpContext context)
   at OrchardCore.Diagnostics.DiagnosticsStartupFilter.<>c__DisplayClass3_0.<<Configure>b__1>d.MoveNext()
--- End of stack trace from previous location ---
   at Microsoft.AspNetCore.Diagnostics.StatusCodePagesMiddleware.Invoke(HttpContext context)
   at OrchardCore.ContentPreview.PreviewStartupFilter.<>c.<<Configure>b__0_1>d.MoveNext()
--- End of stack trace from previous location ---
   at OrchardCore.Users.Services.ExternalAuthenticationsStartupFilter.<>c.<<Configure>b__0_1>d.MoveNext()
--- End of stack trace from previous location ---
   at OrchardCore.Modules.ModularTenantRouterMiddleware.Invoke(HttpContext httpContext)
   at OrchardCore.Modules.ModularTenantContainerMiddleware.<>c__DisplayClass4_0.<<Invoke>b__0>d.MoveNext()
--- End of stack trace from previous location ---
   at OrchardCore.Environment.Shell.Scope.ShellScope.UsingAsync(Func`2 execute, Boolean activateShell)
   at OrchardCore.Environment.Shell.Scope.ShellScope.UsingAsync(Func`2 execute, Boolean activateShell)
   at OrchardCore.Environment.Shell.Scope.ShellScope.UsingAsync(Func`2 execute, Boolean activateShell)
   at OrchardCore.Environment.Shell.Scope.ShellScope.UsingAsync(Func`2 execute, Boolean activateShell)
   at OrchardCore.Environment.Shell.Scope.ShellScope.UsingAsync(Func`2 execute, Boolean activateShell)
   at OrchardCore.Modules.ModularTenantContainerMiddleware.Invoke(HttpContext httpContext)
   at Microsoft.AspNetCore.Authentication.AuthenticationMiddleware.Invoke(HttpContext context)
   at Microsoft.AspNetCore.Diagnostics.DeveloperExceptionPageMiddlewareImpl.Invoke(HttpContext context)
2025-11-23 16:24:54.8485||||Microsoft.Hosting.Lifetime|INFO|Application is shutting down... 
2025-11-23 16:27:55.5851|||8|Microsoft.AspNetCore.Server.Kestrel.Core.KestrelServer|WARN|The ASP.NET Core developer certificate is not trusted. For information about trusting the ASP.NET Core developer certificate, see https://aka.ms/aspnet/https-trust-dev-cert. 
2025-11-23 16:27:55.6270|||14|Microsoft.Hosting.Lifetime|INFO|Now listening on: https://localhost:5001 
2025-11-23 16:27:55.6270|||14|Microsoft.Hosting.Lifetime|INFO|Now listening on: http://localhost:5000 
2025-11-23 16:27:55.6270||||Microsoft.Hosting.Lifetime|INFO|Application started. Press Ctrl+C to shut down. 
2025-11-23 16:27:55.6270||||Microsoft.Hosting.Lifetime|INFO|Hosting environment: Development 
2025-11-23 16:27:55.6270||||Microsoft.Hosting.Lifetime|INFO|Content root path: D:\GitHub\Orchard CMS\RoommateManager\RoommateManager.Web 
2025-11-23 16:28:13.5130|Default|00-787a90647124435d2838b490101177f0-8160692826a2d084-00|1|Microsoft.AspNetCore.Diagnostics.DeveloperExceptionPageMiddleware|ERROR|An unhandled exception has occurred while executing the request. System.InvalidOperationException: The layout view '~/Views/Shared/Layout.cshtml' could not be located. The following locations were searched:
~/Views/Shared/Layout.cshtml
   at Microsoft.AspNetCore.Mvc.Razor.RazorView.GetLayoutPage(ViewContext context, String executingFilePath, String layoutPath)
   at Microsoft.AspNetCore.Mvc.Razor.RazorView.RenderLayoutAsync(ViewContext context, ViewBufferTextWriter bodyWriter)
   at Microsoft.AspNetCore.Mvc.Razor.RazorView.RenderAsync(ViewContext context)
   at Microsoft.AspNetCore.Mvc.ViewFeatures.ViewExecutor.ExecuteAsync(ViewContext viewContext, String contentType, Nullable`1 statusCode)
   at Microsoft.AspNetCore.Mvc.ViewFeatures.ViewExecutor.ExecuteAsync(ViewContext viewContext, String contentType, Nullable`1 statusCode)
   at Microsoft.AspNetCore.Mvc.ViewFeatures.ViewExecutor.ExecuteAsync(ActionContext actionContext, IView view, ViewDataDictionary viewData, ITempDataDictionary tempData, String contentType, Nullable`1 statusCode)
   at Microsoft.AspNetCore.Mvc.ViewFeatures.ViewResultExecutor.ExecuteAsync(ActionContext context, ViewResult result)
   at Microsoft.AspNetCore.Mvc.ViewResult.ExecuteResultAsync(ActionContext context)
   at Microsoft.AspNetCore.Mvc.Infrastructure.ResourceInvoker.<InvokeNextResultFilterAsync>g__Awaited|30_0[TFilter,TFilterAsync](ResourceInvoker invoker, Task lastTask, State next, Scope scope, Object state, Boolean isCompleted)
   at Microsoft.AspNetCore.Mvc.Infrastructure.ResourceInvoker.Rethrow(ResultExecutedContextSealed context)
   at Microsoft.AspNetCore.Mvc.Infrastructure.ResourceInvoker.ResultNext[TFilter,TFilterAsync](State& next, Scope& scope, Object& state, Boolean& isCompleted)
   at Microsoft.AspNetCore.Mvc.Infrastructure.ResourceInvoker.InvokeResultFilters()
--- End of stack trace from previous location ---
   at Microsoft.AspNetCore.Mvc.Infrastructure.ResourceInvoker.<InvokeNextResourceFilter>g__Awaited|25_0(ResourceInvoker invoker, Task lastTask, State next, Scope scope, Object state, Boolean isCompleted)
   at Microsoft.AspNetCore.Mvc.Infrastructure.ResourceInvoker.Rethrow(ResourceExecutedContextSealed context)
   at Microsoft.AspNetCore.Mvc.Infrastructure.ResourceInvoker.Next(State& next, Scope& scope, Object& state, Boolean& isCompleted)
   at Microsoft.AspNetCore.Mvc.Infrastructure.ResourceInvoker.InvokeFilterPipelineAsync()
--- End of stack trace from previous location ---
   at Microsoft.AspNetCore.Mvc.Infrastructure.ResourceInvoker.<InvokeAsync>g__Awaited|17_0(ResourceInvoker invoker, Task task, IDisposable scope)
   at Microsoft.AspNetCore.Mvc.Infrastructure.ResourceInvoker.<InvokeAsync>g__Awaited|17_0(ResourceInvoker invoker, Task task, IDisposable scope)
   at SixLabors.ImageSharp.Web.Middleware.ImageSharpMiddleware.Invoke(HttpContext httpContext, Boolean retry)
   at Microsoft.AspNetCore.Authorization.AuthorizationMiddleware.Invoke(HttpContext context)
   at OrchardCore.Liquid.ScriptsMiddleware.Invoke(HttpContext httpContext)
   at Microsoft.AspNetCore.Authentication.AuthenticationMiddleware.Invoke(HttpContext context)
   at OrchardCore.Diagnostics.DiagnosticsStartupFilter.<>c__DisplayClass3_0.<<Configure>b__1>d.MoveNext()
--- End of stack trace from previous location ---
   at Microsoft.AspNetCore.Diagnostics.StatusCodePagesMiddleware.Invoke(HttpContext context)
   at OrchardCore.ContentPreview.PreviewStartupFilter.<>c.<<Configure>b__0_1>d.MoveNext()
--- End of stack trace from previous location ---
   at OrchardCore.Users.Services.ExternalAuthenticationsStartupFilter.<>c.<<Configure>b__0_1>d.MoveNext()
--- End of stack trace from previous location ---
   at OrchardCore.Modules.ModularTenantRouterMiddleware.Invoke(HttpContext httpContext)
   at OrchardCore.Modules.ModularTenantContainerMiddleware.<>c__DisplayClass4_0.<<Invoke>b__0>d.MoveNext()
--- End of stack trace from previous location ---
   at OrchardCore.Environment.Shell.Scope.ShellScope.UsingAsync(Func`2 execute, Boolean activateShell)
   at OrchardCore.Environment.Shell.Scope.ShellScope.UsingAsync(Func`2 execute, Boolean activateShell)
   at OrchardCore.Environment.Shell.Scope.ShellScope.UsingAsync(Func`2 execute, Boolean activateShell)
   at OrchardCore.Environment.Shell.Scope.ShellScope.UsingAsync(Func`2 execute, Boolean activateShell)
   at OrchardCore.Environment.Shell.Scope.ShellScope.UsingAsync(Func`2 execute, Boolean activateShell)
   at OrchardCore.Modules.ModularTenantContainerMiddleware.Invoke(HttpContext httpContext)
   at Microsoft.AspNetCore.Authentication.AuthenticationMiddleware.Invoke(HttpContext context)
   at Microsoft.AspNetCore.Diagnostics.DeveloperExceptionPageMiddlewareImpl.Invoke(HttpContext context)    at Microsoft.AspNetCore.Mvc.Razor.RazorView.GetLayoutPage(ViewContext context, String executingFilePath, String layoutPath)
   at Microsoft.AspNetCore.Mvc.Razor.RazorView.RenderLayoutAsync(ViewContext context, ViewBufferTextWriter bodyWriter)
   at Microsoft.AspNetCore.Mvc.Razor.RazorView.RenderAsync(ViewContext context)
   at Microsoft.AspNetCore.Mvc.ViewFeatures.ViewExecutor.ExecuteAsync(ViewContext viewContext, String contentType, Nullable`1 statusCode)
   at Microsoft.AspNetCore.Mvc.ViewFeatures.ViewExecutor.ExecuteAsync(ViewContext viewContext, String contentType, Nullable`1 statusCode)
   at Microsoft.AspNetCore.Mvc.ViewFeatures.ViewExecutor.ExecuteAsync(ActionContext actionContext, IView view, ViewDataDictionary viewData, ITempDataDictionary tempData, String contentType, Nullable`1 statusCode)
   at Microsoft.AspNetCore.Mvc.ViewFeatures.ViewResultExecutor.ExecuteAsync(ActionContext context, ViewResult result)
   at Microsoft.AspNetCore.Mvc.ViewResult.ExecuteResultAsync(ActionContext context)
   at Microsoft.AspNetCore.Mvc.Infrastructure.ResourceInvoker.<InvokeNextResultFilterAsync>g__Awaited|30_0[TFilter,TFilterAsync](ResourceInvoker invoker, Task lastTask, State next, Scope scope, Object state, Boolean isCompleted)
   at Microsoft.AspNetCore.Mvc.Infrastructure.ResourceInvoker.Rethrow(ResultExecutedContextSealed context)
   at Microsoft.AspNetCore.Mvc.Infrastructure.ResourceInvoker.ResultNext[TFilter,TFilterAsync](State& next, Scope& scope, Object& state, Boolean& isCompleted)
   at Microsoft.AspNetCore.Mvc.Infrastructure.ResourceInvoker.InvokeResultFilters()
--- End of stack trace from previous location ---
   at Microsoft.AspNetCore.Mvc.Infrastructure.ResourceInvoker.<InvokeNextResourceFilter>g__Awaited|25_0(ResourceInvoker invoker, Task lastTask, State next, Scope scope, Object state, Boolean isCompleted)
   at Microsoft.AspNetCore.Mvc.Infrastructure.ResourceInvoker.Rethrow(ResourceExecutedContextSealed context)
   at Microsoft.AspNetCore.Mvc.Infrastructure.ResourceInvoker.Next(State& next, Scope& scope, Object& state, Boolean& isCompleted)
   at Microsoft.AspNetCore.Mvc.Infrastructure.ResourceInvoker.InvokeFilterPipelineAsync()
--- End of stack trace from previous location ---
   at Microsoft.AspNetCore.Mvc.Infrastructure.ResourceInvoker.<InvokeAsync>g__Awaited|17_0(ResourceInvoker invoker, Task task, IDisposable scope)
   at Microsoft.AspNetCore.Mvc.Infrastructure.ResourceInvoker.<InvokeAsync>g__Awaited|17_0(ResourceInvoker invoker, Task task, IDisposable scope)
   at SixLabors.ImageSharp.Web.Middleware.ImageSharpMiddleware.Invoke(HttpContext httpContext, Boolean retry)
   at Microsoft.AspNetCore.Authorization.AuthorizationMiddleware.Invoke(HttpContext context)
   at OrchardCore.Liquid.ScriptsMiddleware.Invoke(HttpContext httpContext)
   at Microsoft.AspNetCore.Authentication.AuthenticationMiddleware.Invoke(HttpContext context)
   at OrchardCore.Diagnostics.DiagnosticsStartupFilter.<>c__DisplayClass3_0.<<Configure>b__1>d.MoveNext()
--- End of stack trace from previous location ---
   at Microsoft.AspNetCore.Diagnostics.StatusCodePagesMiddleware.Invoke(HttpContext context)
   at OrchardCore.ContentPreview.PreviewStartupFilter.<>c.<<Configure>b__0_1>d.MoveNext()
--- End of stack trace from previous location ---
   at OrchardCore.Users.Services.ExternalAuthenticationsStartupFilter.<>c.<<Configure>b__0_1>d.MoveNext()
--- End of stack trace from previous location ---
   at OrchardCore.Modules.ModularTenantRouterMiddleware.Invoke(HttpContext httpContext)
   at OrchardCore.Modules.ModularTenantContainerMiddleware.<>c__DisplayClass4_0.<<Invoke>b__0>d.MoveNext()
--- End of stack trace from previous location ---
   at OrchardCore.Environment.Shell.Scope.ShellScope.UsingAsync(Func`2 execute, Boolean activateShell)
   at OrchardCore.Environment.Shell.Scope.ShellScope.UsingAsync(Func`2 execute, Boolean activateShell)
   at OrchardCore.Environment.Shell.Scope.ShellScope.UsingAsync(Func`2 execute, Boolean activateShell)
   at OrchardCore.Environment.Shell.Scope.ShellScope.UsingAsync(Func`2 execute, Boolean activateShell)
   at OrchardCore.Environment.Shell.Scope.ShellScope.UsingAsync(Func`2 execute, Boolean activateShell)
   at OrchardCore.Modules.ModularTenantContainerMiddleware.Invoke(HttpContext httpContext)
   at Microsoft.AspNetCore.Authentication.AuthenticationMiddleware.Invoke(HttpContext context)
   at Microsoft.AspNetCore.Diagnostics.DeveloperExceptionPageMiddlewareImpl.Invoke(HttpContext context)
2025-11-23 16:29:11.2400||||Microsoft.Hosting.Lifetime|INFO|Application is shutting down... 
2025-11-23 16:29:37.4906|||8|Microsoft.AspNetCore.Server.Kestrel.Core.KestrelServer|WARN|The ASP.NET Core developer certificate is not trusted. For information about trusting the ASP.NET Core developer certificate, see https://aka.ms/aspnet/https-trust-dev-cert. 
2025-11-23 16:29:37.5302|||14|Microsoft.Hosting.Lifetime|INFO|Now listening on: https://localhost:5001 
2025-11-23 16:29:37.5302|||14|Microsoft.Hosting.Lifetime|INFO|Now listening on: http://localhost:5000 
2025-11-23 16:29:37.5302||||Microsoft.Hosting.Lifetime|INFO|Application started. Press Ctrl+C to shut down. 
2025-11-23 16:29:37.5302||||Microsoft.Hosting.Lifetime|INFO|Hosting environment: Development 
2025-11-23 16:29:37.5302||||Microsoft.Hosting.Lifetime|INFO|Content root path: D:\GitHub\Orchard CMS\RoommateManager\RoommateManager.Web 
2025-11-23 16:30:02.2304|Default|00-bd7d53d691a57a734e990c3df94f67b3-e5a9ff155e65c12e-00|1|Microsoft.AspNetCore.Diagnostics.DeveloperExceptionPageMiddleware|ERROR|An unhandled exception has occurred while executing the request. System.InvalidOperationException: The layout view '~/Shared/Layout.cshtml' could not be located. The following locations were searched:
~/Shared/Layout.cshtml
   at Microsoft.AspNetCore.Mvc.Razor.RazorView.GetLayoutPage(ViewContext context, String executingFilePath, String layoutPath)
   at Microsoft.AspNetCore.Mvc.Razor.RazorView.RenderLayoutAsync(ViewContext context, ViewBufferTextWriter bodyWriter)
   at Microsoft.AspNetCore.Mvc.Razor.RazorView.RenderAsync(ViewContext context)
   at Microsoft.AspNetCore.Mvc.ViewFeatures.ViewExecutor.ExecuteAsync(ViewContext viewContext, String contentType, Nullable`1 statusCode)
   at Microsoft.AspNetCore.Mvc.ViewFeatures.ViewExecutor.ExecuteAsync(ViewContext viewContext, String contentType, Nullable`1 statusCode)
   at Microsoft.AspNetCore.Mvc.ViewFeatures.ViewExecutor.ExecuteAsync(ActionContext actionContext, IView view, ViewDataDictionary viewData, ITempDataDictionary tempData, String contentType, Nullable`1 statusCode)
   at Microsoft.AspNetCore.Mvc.ViewFeatures.ViewResultExecutor.ExecuteAsync(ActionContext context, ViewResult result)
   at Microsoft.AspNetCore.Mvc.ViewResult.ExecuteResultAsync(ActionContext context)
   at Microsoft.AspNetCore.Mvc.Infrastructure.ResourceInvoker.<InvokeNextResultFilterAsync>g__Awaited|30_0[TFilter,TFilterAsync](ResourceInvoker invoker, Task lastTask, State next, Scope scope, Object state, Boolean isCompleted)
   at Microsoft.AspNetCore.Mvc.Infrastructure.ResourceInvoker.Rethrow(ResultExecutedContextSealed context)
   at Microsoft.AspNetCore.Mvc.Infrastructure.ResourceInvoker.ResultNext[TFilter,TFilterAsync](State& next, Scope& scope, Object& state, Boolean& isCompleted)
   at Microsoft.AspNetCore.Mvc.Infrastructure.ResourceInvoker.InvokeResultFilters()
--- End of stack trace from previous location ---
   at Microsoft.AspNetCore.Mvc.Infrastructure.ResourceInvoker.<InvokeNextResourceFilter>g__Awaited|25_0(ResourceInvoker invoker, Task lastTask, State next, Scope scope, Object state, Boolean isCompleted)
   at Microsoft.AspNetCore.Mvc.Infrastructure.ResourceInvoker.Rethrow(ResourceExecutedContextSealed context)
   at Microsoft.AspNetCore.Mvc.Infrastructure.ResourceInvoker.Next(State& next, Scope& scope, Object& state, Boolean& isCompleted)
   at Microsoft.AspNetCore.Mvc.Infrastructure.ResourceInvoker.InvokeFilterPipelineAsync()
--- End of stack trace from previous location ---
   at Microsoft.AspNetCore.Mvc.Infrastructure.ResourceInvoker.<InvokeAsync>g__Awaited|17_0(ResourceInvoker invoker, Task task, IDisposable scope)
   at Microsoft.AspNetCore.Mvc.Infrastructure.ResourceInvoker.<InvokeAsync>g__Awaited|17_0(ResourceInvoker invoker, Task task, IDisposable scope)
   at SixLabors.ImageSharp.Web.Middleware.ImageSharpMiddleware.Invoke(HttpContext httpContext, Boolean retry)
   at Microsoft.AspNetCore.Authorization.AuthorizationMiddleware.Invoke(HttpContext context)
   at OrchardCore.Liquid.ScriptsMiddleware.Invoke(HttpContext httpContext)
   at Microsoft.AspNetCore.Authentication.AuthenticationMiddleware.Invoke(HttpContext context)
   at OrchardCore.Diagnostics.DiagnosticsStartupFilter.<>c__DisplayClass3_0.<<Configure>b__1>d.MoveNext()
--- End of stack trace from previous location ---
   at Microsoft.AspNetCore.Diagnostics.StatusCodePagesMiddleware.Invoke(HttpContext context)
   at OrchardCore.ContentPreview.PreviewStartupFilter.<>c.<<Configure>b__0_1>d.MoveNext()
--- End of stack trace from previous location ---
   at OrchardCore.Users.Services.ExternalAuthenticationsStartupFilter.<>c.<<Configure>b__0_1>d.MoveNext()
--- End of stack trace from previous location ---
   at OrchardCore.Modules.ModularTenantRouterMiddleware.Invoke(HttpContext httpContext)
   at OrchardCore.Modules.ModularTenantContainerMiddleware.<>c__DisplayClass4_0.<<Invoke>b__0>d.MoveNext()
--- End of stack trace from previous location ---
   at OrchardCore.Environment.Shell.Scope.ShellScope.UsingAsync(Func`2 execute, Boolean activateShell)
   at OrchardCore.Environment.Shell.Scope.ShellScope.UsingAsync(Func`2 execute, Boolean activateShell)
   at OrchardCore.Environment.Shell.Scope.ShellScope.UsingAsync(Func`2 execute, Boolean activateShell)
   at OrchardCore.Environment.Shell.Scope.ShellScope.UsingAsync(Func`2 execute, Boolean activateShell)
   at OrchardCore.Environment.Shell.Scope.ShellScope.UsingAsync(Func`2 execute, Boolean activateShell)
   at OrchardCore.Modules.ModularTenantContainerMiddleware.Invoke(HttpContext httpContext)
   at Microsoft.AspNetCore.Authentication.AuthenticationMiddleware.Invoke(HttpContext context)
   at Microsoft.AspNetCore.Diagnostics.DeveloperExceptionPageMiddlewareImpl.Invoke(HttpContext context)    at Microsoft.AspNetCore.Mvc.Razor.RazorView.GetLayoutPage(ViewContext context, String executingFilePath, String layoutPath)
   at Microsoft.AspNetCore.Mvc.Razor.RazorView.RenderLayoutAsync(ViewContext context, ViewBufferTextWriter bodyWriter)
   at Microsoft.AspNetCore.Mvc.Razor.RazorView.RenderAsync(ViewContext context)
   at Microsoft.AspNetCore.Mvc.ViewFeatures.ViewExecutor.ExecuteAsync(ViewContext viewContext, String contentType, Nullable`1 statusCode)
   at Microsoft.AspNetCore.Mvc.ViewFeatures.ViewExecutor.ExecuteAsync(ViewContext viewContext, String contentType, Nullable`1 statusCode)
   at Microsoft.AspNetCore.Mvc.ViewFeatures.ViewExecutor.ExecuteAsync(ActionContext actionContext, IView view, ViewDataDictionary viewData, ITempDataDictionary tempData, String contentType, Nullable`1 statusCode)
   at Microsoft.AspNetCore.Mvc.ViewFeatures.ViewResultExecutor.ExecuteAsync(ActionContext context, ViewResult result)
   at Microsoft.AspNetCore.Mvc.ViewResult.ExecuteResultAsync(ActionContext context)
   at Microsoft.AspNetCore.Mvc.Infrastructure.ResourceInvoker.<InvokeNextResultFilterAsync>g__Awaited|30_0[TFilter,TFilterAsync](ResourceInvoker invoker, Task lastTask, State next, Scope scope, Object state, Boolean isCompleted)
   at Microsoft.AspNetCore.Mvc.Infrastructure.ResourceInvoker.Rethrow(ResultExecutedContextSealed context)
   at Microsoft.AspNetCore.Mvc.Infrastructure.ResourceInvoker.ResultNext[TFilter,TFilterAsync](State& next, Scope& scope, Object& state, Boolean& isCompleted)
   at Microsoft.AspNetCore.Mvc.Infrastructure.ResourceInvoker.InvokeResultFilters()
--- End of stack trace from previous location ---
   at Microsoft.AspNetCore.Mvc.Infrastructure.ResourceInvoker.<InvokeNextResourceFilter>g__Awaited|25_0(ResourceInvoker invoker, Task lastTask, State next, Scope scope, Object state, Boolean isCompleted)
   at Microsoft.AspNetCore.Mvc.Infrastructure.ResourceInvoker.Rethrow(ResourceExecutedContextSealed context)
   at Microsoft.AspNetCore.Mvc.Infrastructure.ResourceInvoker.Next(State& next, Scope& scope, Object& state, Boolean& isCompleted)
   at Microsoft.AspNetCore.Mvc.Infrastructure.ResourceInvoker.InvokeFilterPipelineAsync()
--- End of stack trace from previous location ---
   at Microsoft.AspNetCore.Mvc.Infrastructure.ResourceInvoker.<InvokeAsync>g__Awaited|17_0(ResourceInvoker invoker, Task task, IDisposable scope)
   at Microsoft.AspNetCore.Mvc.Infrastructure.ResourceInvoker.<InvokeAsync>g__Awaited|17_0(ResourceInvoker invoker, Task task, IDisposable scope)
   at SixLabors.ImageSharp.Web.Middleware.ImageSharpMiddleware.Invoke(HttpContext httpContext, Boolean retry)
   at Microsoft.AspNetCore.Authorization.AuthorizationMiddleware.Invoke(HttpContext context)
   at OrchardCore.Liquid.ScriptsMiddleware.Invoke(HttpContext httpContext)
   at Microsoft.AspNetCore.Authentication.AuthenticationMiddleware.Invoke(HttpContext context)
   at OrchardCore.Diagnostics.DiagnosticsStartupFilter.<>c__DisplayClass3_0.<<Configure>b__1>d.MoveNext()
--- End of stack trace from previous location ---
   at Microsoft.AspNetCore.Diagnostics.StatusCodePagesMiddleware.Invoke(HttpContext context)
   at OrchardCore.ContentPreview.PreviewStartupFilter.<>c.<<Configure>b__0_1>d.MoveNext()
--- End of stack trace from previous location ---
   at OrchardCore.Users.Services.ExternalAuthenticationsStartupFilter.<>c.<<Configure>b__0_1>d.MoveNext()
--- End of stack trace from previous location ---
   at OrchardCore.Modules.ModularTenantRouterMiddleware.Invoke(HttpContext httpContext)
   at OrchardCore.Modules.ModularTenantContainerMiddleware.<>c__DisplayClass4_0.<<Invoke>b__0>d.MoveNext()
--- End of stack trace from previous location ---
   at OrchardCore.Environment.Shell.Scope.ShellScope.UsingAsync(Func`2 execute, Boolean activateShell)
   at OrchardCore.Environment.Shell.Scope.ShellScope.UsingAsync(Func`2 execute, Boolean activateShell)
   at OrchardCore.Environment.Shell.Scope.ShellScope.UsingAsync(Func`2 execute, Boolean activateShell)
   at OrchardCore.Environment.Shell.Scope.ShellScope.UsingAsync(Func`2 execute, Boolean activateShell)
   at OrchardCore.Environment.Shell.Scope.ShellScope.UsingAsync(Func`2 execute, Boolean activateShell)
   at OrchardCore.Modules.ModularTenantContainerMiddleware.Invoke(HttpContext httpContext)
   at Microsoft.AspNetCore.Authentication.AuthenticationMiddleware.Invoke(HttpContext context)
   at Microsoft.AspNetCore.Diagnostics.DeveloperExceptionPageMiddlewareImpl.Invoke(HttpContext context)
2025-11-23 16:38:17.4864||||Microsoft.Hosting.Lifetime|INFO|Application is shutting down... 
2025-11-23 16:40:23.7814|||8|Microsoft.AspNetCore.Server.Kestrel.Core.KestrelServer|WARN|The ASP.NET Core developer certificate is not trusted. For information about trusting the ASP.NET Core developer certificate, see https://aka.ms/aspnet/https-trust-dev-cert. 
2025-11-23 16:40:23.8299|||14|Microsoft.Hosting.Lifetime|INFO|Now listening on: https://localhost:5001 
2025-11-23 16:40:23.8299|||14|Microsoft.Hosting.Lifetime|INFO|Now listening on: http://localhost:5000 
2025-11-23 16:40:23.8299||||Microsoft.Hosting.Lifetime|INFO|Application started. Press Ctrl+C to shut down. 
2025-11-23 16:40:23.8299||||Microsoft.Hosting.Lifetime|INFO|Hosting environment: Development 
2025-11-23 16:40:23.8299||||Microsoft.Hosting.Lifetime|INFO|Content root path: D:\GitHub\Orchard CMS\RoommateManager\RoommateManager.Web 
2025-11-23 16:54:00.6926||||Microsoft.Hosting.Lifetime|INFO|Application is shutting down... 
2025-11-23 16:54:26.7485|||8|Microsoft.AspNetCore.Server.Kestrel.Core.KestrelServer|WARN|The ASP.NET Core developer certificate is not trusted. For information about trusting the ASP.NET Core developer certificate, see https://aka.ms/aspnet/https-trust-dev-cert. 
2025-11-23 16:54:26.7892|||14|Microsoft.Hosting.Lifetime|INFO|Now listening on: https://localhost:5001 
2025-11-23 16:54:26.7892|||14|Microsoft.Hosting.Lifetime|INFO|Now listening on: http://localhost:5000 
2025-11-23 16:54:26.7892||||Microsoft.Hosting.Lifetime|INFO|Application started. Press Ctrl+C to shut down. 
2025-11-23 16:54:26.7892||||Microsoft.Hosting.Lifetime|INFO|Hosting environment: Development 
2025-11-23 16:54:26.7892||||Microsoft.Hosting.Lifetime|INFO|Content root path: D:\GitHub\Orchard CMS\RoommateManager\RoommateManager.Web 
2025-11-23 17:00:12.0764||||Microsoft.Hosting.Lifetime|INFO|Application is shutting down... 
2025-11-23 17:00:46.8079|||8|Microsoft.AspNetCore.Server.Kestrel.Core.KestrelServer|WARN|The ASP.NET Core developer certificate is not trusted. For information about trusting the ASP.NET Core developer certificate, see https://aka.ms/aspnet/https-trust-dev-cert. 
2025-11-23 17:00:46.8480|||14|Microsoft.Hosting.Lifetime|INFO|Now listening on: https://localhost:5001 
2025-11-23 17:00:46.8480|||14|Microsoft.Hosting.Lifetime|INFO|Now listening on: http://localhost:5000 
2025-11-23 17:00:46.8480||||Microsoft.Hosting.Lifetime|INFO|Application started. Press Ctrl+C to shut down. 
2025-11-23 17:00:46.8480||||Microsoft.Hosting.Lifetime|INFO|Hosting environment: Development 
2025-11-23 17:00:46.8480||||Microsoft.Hosting.Lifetime|INFO|Content root path: D:\GitHub\Orchard CMS\RoommateManager\RoommateManager.Web 
2025-11-23 17:45:12.6863||||Microsoft.Hosting.Lifetime|INFO|Application is shutting down... 
2025-11-23 17:45:41.3387|||8|Microsoft.AspNetCore.Server.Kestrel.Core.KestrelServer|WARN|The ASP.NET Core developer certificate is not trusted. For information about trusting the ASP.NET Core developer certificate, see https://aka.ms/aspnet/https-trust-dev-cert. 
2025-11-23 17:45:41.3798|||14|Microsoft.Hosting.Lifetime|INFO|Now listening on: https://localhost:5001 
2025-11-23 17:45:41.3798|||14|Microsoft.Hosting.Lifetime|INFO|Now listening on: http://localhost:5000 
2025-11-23 17:45:41.3798||||Microsoft.Hosting.Lifetime|INFO|Application started. Press Ctrl+C to shut down. 
2025-11-23 17:45:41.3798||||Microsoft.Hosting.Lifetime|INFO|Hosting environment: Development 
2025-11-23 17:45:41.3798||||Microsoft.Hosting.Lifetime|INFO|Content root path: D:\GitHub\Orchard CMS\RoommateManager\RoommateManager.Web 
2025-11-23 17:48:08.1821||||Microsoft.Hosting.Lifetime|INFO|Application is shutting down... 
2025-11-23 17:48:52.7008|||8|Microsoft.AspNetCore.Server.Kestrel.Core.KestrelServer|WARN|The ASP.NET Core developer certificate is not trusted. For information about trusting the ASP.NET Core developer certificate, see https://aka.ms/aspnet/https-trust-dev-cert. 
2025-11-23 17:48:52.7401|||14|Microsoft.Hosting.Lifetime|INFO|Now listening on: https://localhost:5001 
2025-11-23 17:48:52.7401|||14|Microsoft.Hosting.Lifetime|INFO|Now listening on: http://localhost:5000 
2025-11-23 17:48:52.7444||||Microsoft.Hosting.Lifetime|INFO|Application started. Press Ctrl+C to shut down. 
2025-11-23 17:48:52.7444||||Microsoft.Hosting.Lifetime|INFO|Hosting environment: Development 
2025-11-23 17:48:52.7444||||Microsoft.Hosting.Lifetime|INFO|Content root path: D:\GitHub\Orchard CMS\RoommateManager\RoommateManager.Web 
2025-11-23 19:00:04.9773||||Microsoft.Hosting.Lifetime|INFO|Application is shutting down... 
2025-11-23 20:19:28.5847|||8|Microsoft.AspNetCore.Server.Kestrel.Core.KestrelServer|WARN|The ASP.NET Core developer certificate is not trusted. For information about trusting the ASP.NET Core developer certificate, see https://aka.ms/aspnet/https-trust-dev-cert. 
2025-11-23 20:19:28.6311|||14|Microsoft.Hosting.Lifetime|INFO|Now listening on: https://localhost:5001 
2025-11-23 20:19:28.6311|||14|Microsoft.Hosting.Lifetime|INFO|Now listening on: http://localhost:5000 
2025-11-23 20:19:28.6311||||Microsoft.Hosting.Lifetime|INFO|Application started. Press Ctrl+C to shut down. 
2025-11-23 20:19:28.6311||||Microsoft.Hosting.Lifetime|INFO|Hosting environment: Development 
2025-11-23 20:19:28.6311||||Microsoft.Hosting.Lifetime|INFO|Content root path: D:\GitHub\Orchard CMS\RoommateManager\Roommate_Manager\RoommateManager.Web 
2025-11-23 20:21:43.9755||||Microsoft.Hosting.Lifetime|INFO|Application is shutting down... 
